mads 2.1.7 build 21 (20 May 24)
Source: nhp30.asm
     1 												    ICL 'sys_equates.m65'
Source: sys_equates.m65
     1 												;================================================================================
     2 												; System equates, Atari XL + mads [NRV 2009]
     3 												;================================================================================
     4
     5 												;----------------------------------------
     6 												; GTIA:
     7 												;----------------------------------------
     8
     9 = D000											M0PF	= $D000  ; read only
    10 = D001											M1PF	= $D001  ; read only
    11 = D002											M2PF	= $D002  ; read only
    12 = D003											M3PF	= $D003  ; read only
    13
    14 = D004											P0PF	= $D004  ; read only
    15 = D005											P1PF	= $D005  ; read only
    16 = D006											P2PF	= $D006  ; read only
    17 = D007											P3PF	= $D007  ; read only
    18
    19 = D008											M0PL	= $D008  ; read only
    20 = D009											M1PL	= $D009  ; read only
    21 = D00A											M2PL	= $D00A  ; read only
    22 = D00B											M3PL	= $D00B  ; read only
    23
    24 = D00C											P0PL	= $D00C  ; read only
    25 = D00D											P1PL	= $D00D  ; read only
    26 = D00E											P2PL	= $D00E  ; read only
    27 = D00F											P3PL	= $D00F  ; read only
    28
    29 = D010											TRIG0	= $D010  ; read only
    30 = D011											TRIG1	= $D011  ; read only
    31 = D012											TRIG2	= $D012  ; read only
    32 = D013											TRIG3	= $D013  ; read only
    33
    34 = D014											PAL		= $D014  ; read only
    35
    36 												; positions for normal screen: 48 left (+160)--> 208 right (or 32-->224 for wide playfield)
    37 												; 32 top (+192)--> 224 bottom (or 16-->112 for double line resolution)
    38 = D000											HPOSP0	= $D000  ; write only
    39 = D001											HPOSP1	= $D001  ; write only
    40 = D002											HPOSP2	= $D002  ; write only
    41 = D003											HPOSP3	= $D003  ; write only
    42
    43 = D004											HPOSM0	= $D004  ; write only
    44 = D005											HPOSM1	= $D005  ; write only
    45 = D006											HPOSM2	= $D006  ; write only
    46 = D007											HPOSM3	= $D007  ; write only
    47
    48 												; 0 (or 2) normal width, 1 double width, 4 quadruple width
    49 = D008											SIZEP0	= $D008  ; write only
    50 = D009											SIZEP1	= $D009  ; write only
    51 = D00A											SIZEP2	= $D00A  ; write only
    52 = D00B											SIZEP3	= $D00B  ; write only
    53
    54 = D00C											SIZEM	= $D00C  ; write only		// the same 2 bits as the players, but in one byte, in this order: m3m2m1m0
    55
    56 = D00D											GRAFP0	= $D00D  ; write only
    57 = D00E											GRAFP1	= $D00E  ; write only
    58 = D00F											GRAFP2	= $D00F  ; write only
    59 = D010											GRAFP3	= $D010  ; write only
    60
    61 = D011											GRAFM	= $D011  ; write only		// 4 missiles in this order: m3m2m1m0
    62
    63 = D012											COLPM0	= $D012  ; write only
    64 = D013											COLPM1	= $D013  ; write only
    65 = D014											COLPM2	= $D014  ; write only
    66 = D015											COLPM3	= $D015  ; write only
    67
    68 = D016											COLPF0	= $D016  ; write only
    69 = D017											COLPF1	= $D017  ; write only
    70 = D018											COLPF2	= $D018  ; write only
    71 = D019											COLPF3	= $D019  ; write only
    72
    73 = D01A											COLBK	= $D01A  ; write only
    74
    75 = D01B											PRIOR	= $D01B  ; write only
    76 = D01C											VDELAY	= $D01C  ; write only
    77 = D01D											GRACTL	= $D01D  ; write only
    78 = D01E											HITCLR	= $D01E  ; write only
    79
    80 = D01F											CONSOL	= $D01F  ; read and write
    81
    82 												;----------------------------------------
    83 												; POKEY:
    84 												;----------------------------------------
    85
    86 = D200											POT0	= $D200  ; read only
    87 = D201											POT1	= $D201  ; read only
    88 = D202											POT2	= $D202  ; read only
    89 = D203											POT3	= $D203  ; read only
    90 = D204											POT4	= $D204  ; read only
    91 = D205											POT5	= $D205  ; read only
    92 = D206											POT6	= $D206  ; read only
    93 = D207											POT7	= $D207  ; read only
    94
    95 = D208											ALLPOT	= $D208  ; read only
    96
    97 = D209											KBCODE	= $D209  ; read only
    98 = D20A											RANDOM	= $D20A  ; read only
    99
   100 = D20D											SERIN	= $D20D  ; read only
   101 = D20E											IRQST	= $D20E  ; read only
   102 = D20F											SKSTAT	= $D20F  ; read only
   103
   104
   105 = D200											AUDF1	= $D200  ; write only
   106 = D201											AUDC1	= $D201  ; write only
   107 = D202											AUDF2	= $D202  ; write only
   108 = D203											AUDC2	= $D203  ; write only
   109 = D204											AUDF3	= $D204  ; write only
   110 = D205											AUDC3	= $D205  ; write only
   111 = D206											AUDF4	= $D206  ; write only
   112 = D207											AUDC4	= $D207  ; write only
   113
   114 = D208											AUDCTL	= $D208  ; write only
   115
   116 = D209											STIMER	= $D209  ; write only
   117 = D20A											SKREST	= $D20A  ; write only
   118 = D20B											POTGO	= $D20B  ; write only
   119
   120 = D20D											SEROUT	= $D20D  ; write only
   121 = D20E											IRQEN	= $D20E  ; write only
   122 = D20F											SKCTL	= $D20F  ; write only
   123
   124 												;----------------------------------------
   125 												; PIA:
   126 												;----------------------------------------
   127
   128 = D300											PORTA	= $D300  ; read and write
   129 = D301											PORTB	= $D301  ; read and write
   130 = D302											PACTL	= $D302  ; read and write
   131 = D303											PBCTL	= $D303  ; read and write
   132
   133 												;----------------------------------------
   134 												; ANTIC:
   135 												;----------------------------------------
   136
   137 = D40B											VCOUNT	= $D40B  ; read only
   138
   139 = D40C											PENH	= $D40C  ; read only
   140 = D40D											PENV	= $D40D  ; read only
   141
   142 = D40F											NMIST	= $D40F  ; read only
   143
   144
   145 = D400											DMACTL	= $D400  ; write only
   146 = D401											CHACTL	= $D401  ; write only
   147 = D402											DLISTL	= $D402  ; write only
   148 = D403											DLISTH	= $D403  ; write only
   149 = D404											HSCROL	= $D404  ; write only
   150 = D405											VSCROL	= $D405  ; write only
   151 = D407											PMBASE	= $D407  ; write only
   152 = D409											CHBASE	= $D409  ; write only
   153 = D40A											WSYNC	= $D40A  ; write only
   154 = D40E											NMIEN	= $D40E  ; write only
   155 = D40F											NMIRES	= $D40F  ; write only
   156
   157 												;----------------------------------------
   158 												; Shadow registers:
   159 												;----------------------------------------
   160
   161 = 0218											CDTMV1	= $218
   162 = 021A											CDTMV2	= $21a
   163 = 021C											CDTMV3	= $21c
   164 = 021E											CDTMV4	= $21e
   165 = 0220											CDTMV5	= $220
   166
   167
   168 = 022F											SDMCTL	= $22f	; shadow of DMACTL
   169 = 026F											GPRIOR	= $26f	; shadow of PRIOR
   170
   171 = 02C0											PCOLR0	= $2c0	; shadow of COLPM0
   172 = 02C1											PCOLR1  = $2c1
   173 = 02C2											PCOLR2  = $2c2
   174 = 02C3											PCOLR3  = $2c3
   175 = 02C4											COLOR0	= $2c4	; shadow of COLPF0
   176 = 02C5											COLOR1  = $2c5
   177 = 02C6											COLOR2  = $2c6
   178 = 02C7											COLOR3  = $2c7
   179 = 02C8											COLOR4  = $2c8
   180
   181 = 02E0											RUNAD	= $2e0
   182 = 02E2											INITAD	= $2e2
   183
   184 = 0014											RTCLOCK	= $14
   185 = 0041											SOUNDR	= $41
   186 = 0042											CRITIC	= $42
   187 = 004D											ATRACT	= 77
   188
   189 = 0052											LMARGN = $52
   190 = 0053											RMARGN = $53
   191 = 006A											RAMTOP = $6A
   192
   193 = 02F4											CHBAS	= 756	; shadow of CHBASE
   194 = 02FC											CH		= 764
   195 = 02F3											CHACT	= 755
   196
   197 = 0340											ICHID = $340
   198 = 0341											ICDNO = $341
   199 = 0342											ICCMD = $342
   200 = 0343											ICSTA = $343
   201 = 0344											ICBAL = $344
   202 = 0345											ICBAH = $345
   203 = 0346											ICPTL = $346
   204 = 0347											ICPTH = $347
   205 = 0348											ICBLL = $348
   206 = 0349											ICBLH = $349
   207 = 034A											ICAX1 = $34A
   208 = 034B											ICAX2 = $34B
   209
   210 = 03F8											BASICF  = $3f8
   211 = 03FA											GINTLK  = $3fa
   212
   213
   214 = 0230											SDLSTL	= $230	; display list address
   215 = 0200											VDSLST	= $200	; DLI address
   216
   217 = 0303											DSTATS	= $303
   218 = 0304											DBUFLO	= $304
   219 = 0305											DBUFHI	= $305
   220
   221 = 030A											DAUX1	= $30A
   222 = 030B											DAUX2	= $30B
   223
   224
   225 = 0270											PADDL0	= 624	; 0-228 , shadow of POT0
   226 = 027C											PTRIG0	= 636	; 0 = PRESSED , shadow of PTRG0
   227 = 0278											STICK0	= 632	; 0000 = RLDU , shadow of PORTA
   228 = 0284											STRIG0	= 644	; 0 = PRESSED , shadow of TRIG0
   229
   230 = 0244											COLDST	= $244	; non zero --> do a cold start when pressing the reset key
   231
   232 												;----------------------------------------
   233 												; VBI:
   234 												;----------------------------------------
   235
   236 = E45C											SETVBV			= $E45C
   237 = E45F											XITVB_I			= $E45F
   238 = E45F											SYSVBV			= $E45F
   239 = E462											XITVB_D			= $E462
   240 = E462											XITVBV			= $E462
   241 = 0006											VBI_I			= 6
   242 = 0007											VBI_D			= 7
   243 = C0E2											NORMAL_VBI_I	= 49378
   244 = C28A											NORMAL_VBI_D	= 49802
   245 = 0222											VVBLKI			= 546
   246 = 0224											VVBLKD			= 548
   247 = E462											XITVB			= XITVB_D
   248
   249 												;----------------------------------------
   250 												; Handler vectors:
   251 												;----------------------------------------
   252
   253 = FFFA											NMIH_VECTOR		= 65530
   254 = FFFC											RESH_VECTOR		= 65532
   255 = FFFE											IRQH_VECTOR		= 65534
   256
   257 												;----------------------------------------
   258 												; I/O:
   259 												;----------------------------------------
   260
   261 = E456											CIOV			= $E456	; (58454)
   262 = E459											SIOV			= $E459	; (58457)
   263
   264 												;----------------------------------------
   265 												; Restart routines
   266 												;----------------------------------------
   267
   268 = E474											WARMSV			= $E474
   269 = E477											COLDSV			= $E477
   270
   271 												;----------------------------------------
   272 												; Bit values:
   273 												;----------------------------------------
   274
   275 												; DMA values
   276 = 0020											DV_DMA_ON			= %00100000
   277 = 0010											DV_PM_ONE_LINE		= %00010000
   278 = 0008											DV_PLAYERS_ON		= %00001000
   279 = 0004											DV_MISSILES_ON		= %00000100
   280 = 0003											DV_WIDE_PF			= %00000011
   281 = 0002											DV_NORMAL_PF		= %00000010
   282 = 0001											DV_NARROW_PF		= %00000001
   283
   284 												; Display list values
   285 = 0080											DL_DLI_MASK		= %10000000
   286 = 0040											DL_LMS_MASK		= %01000000
   287 = 0020											DL_VSCROLL_MASK	= %00100000
   288 = 0010											DL_HSCROLL_MASK	= %00010000
   289
   290 = 0001											DL_JMP		= 1
   291 = 0041											DL_JVB		= 65
   292
   293 = 0000											DL_BLANK_1	= 0
   294 = 0010											DL_BLANK_2	= 16
   295 = 0020											DL_BLANK_3	= 32
   296 = 0030											DL_BLANK_4	= 48
   297 = 0040											DL_BLANK_5	= 64
   298 = 0050											DL_BLANK_6	= 80
   299 = 0060											DL_BLANK_7	= 96
   300 = 0070											DL_BLANK_8	= 112
   301
   302 												; Antic graphic modes
   303 = 0002											GM_CHAR_A2	= 2			; 2 colors, 40x24, 960b, 40xline, 8 scanlines
   304 = 0006											GM_CHAR_A6	= 6			; 4 colors, 20x24, 480b, 40xline, 8 scanlines
   305 = 0007											GM_CHAR_A7	= 7			; 4 colors, 20x12, 240b, 20xline, 16 scanlines
   306 = 0004											GM_CHAR_A4	= 4			; 5 colors, 40x24, 960b, 40xline, 8 scanlines
   307 = 0005											GM_CHAR_A5	= 5			; 5 colors, 40x12, 480b, 40xline, 16 scanlines
   308 = 0003											GM_CHAR_A3	= 3			; 2 colors, 40x24, 760b, 40xline, 10 scanlines
   309
   310 												; Basic graphic modes
   311 = 0002											GM_CHAR_G0	= 2			; 2 colors, 40x24, 960b, 40xline, 8 scanlines
   312 = 0006											GM_CHAR_G1	= 6			; 4 colors, 20x24, 480b, 40xline, 8 scanlines
   313 = 0007											GM_CHAR_G2	= 7			; 4 colors, 20x12, 240b, 20xline, 16 scanlines
   314 = 0004											GM_CHAR_G12	= 4			; 5 colors, 40x24, 960b, 40xline, 8 scanlines
   315 = 0005											GM_CHAR_G13	= 5			; 5 colors, 40x12, 480b, 40xline, 16 scanlines
   316
   317 = 0008											GM_PIXEL_G3	= 8			; 4 colors, 40x24, 240b, 10xline, 8 scanline
   318 = 0009											GM_PIXEL_G4	= 9			; 2 colors, 80x48, 480b, 10xline, 4 scanline
   319 = 000A											GM_PIXEL_G5	= 10		; 4 colors, 80x48, 960b, 20xline, 4 scanline
   320 = 000B											GM_PIXEL_G6	= 11		; 2 colors, 160x96, 1920b, 20xline, 2 scanline
   321 = 000D											GM_PIXEL_G7	= 13		; 4 colors, 160x96, 3840b, 40xline, 2 scanline
   322 = 000F											GM_PIXEL_G8	= 15		; 2 colors, 320x192, 7680b, 40xline, 1 scanline
   323 = 000C											GM_PIXEL_G14	= 12	; 2 colors, 160x192, 3840b, 20xline, 1 scanline
   324 = 000E											GM_PIXEL_G15	= 14	; 4 colors, 160x192, 7680b, 40xline, 1 scanline
   325
   326 = 000F											GM_PIXEL_G9	= 15		; 1 color, 80x192, 7680b, 40xline, 1 scanline
   327 = 000F											GM_PIXEL_G10	= 15	; 9 colors, 80x192, 7680b, 40xline, 1 scanline
   328 = 000F											GM_PIXEL_G11	= 15	; 16 colors, 80x192, 7680b, 40xline, 1 scanline
   329
   330 												; Prior values
   331 = 0001											PRV_PM_PRIORITY_1	= %00000001		; p0 p1 p2 p3 / pf0 pf1 pf2 pf3 (p5) / bk
   332 = 0002											PRV_PM_PRIORITY_2	= %00000010		; p0 p1 / pf0 pf1 pf2 pf3 (p5) / p2 p3 / bk
   333 = 0004											PRV_PM_PRIORITY_3	= %00000100		; pf0 pf1 pf2 pf3 (p5) /  p0 p1 p2 p3 / bk
   334 = 0008											PRV_PM_PRIORITY_4	= %00001000		; pf1 pf2 /  p0 p1 p2 p3 / pf0 pf3 (p5) / bk
   335 = 0010											PRV_FIFTH_PLAYER	= %00010000
   336 = 0020											PRV_PM_OVERLAP		= %00100000
   337 = 0040											PRV_GTIA_9			= %01000000
   338 = 0080											PRV_GTIA_10			= %10000000
   339 = 00C0											PRV_GTIA_11			= %11000000
   340
   341 												; Gractl values
   342 = 0001											GCTL_MISSILES		= %001
   343 = 0002											GCTL_PLAYERS		= %010
   344 = 0004											GCTL_LATCH_TRIGGERS	= %100
   345
   346 												; Consol values:
   347 = 0001											CNV_START_MASK		= %001
   348 = 0002											CNV_OPTION_MASK		= %010
   349 = 0004											CNV_SELECT_MASK		= %100
   350
   351 												; Stick values:
   352 = 0008											STV_RIGHT_MASK		= %1000
   353 = 0004											STV_LEFT_MASK		= %0100
   354 = 0002											STV_DOWN_MASK		= %0010
   355 = 0001											STV_UP_MASK			= %0001
   356
   357 = 0008											STICK_MASK_RIGHT	= %1000
   358 = 0004											STICK_MASK_LEFT		= %0100
   359 = 0002											STICK_MASK_DOWN		= %0010
   360 = 0001											STICK_MASK_UP		= %0001
   361
   362 = 0007											STICK_VALUE_RIGHT	= %0111
   363 = 000B											STICK_VALUE_LEFT	= %1011
   364 = 000D											STICK_VALUE_DOWN	= %1101
   365 = 000E											STICK_VALUE_UP		= %1110
   366
   367 												/*
   368 												KBCode Hexadecimal Values
   369 												 	$00	$01	$02	$03	$04	$05	$06	$07	$08	$09	$0A	$0B	$0C	$0D	$0E	$0F
   370 												$00	L	J	;	F1	F2	K	+	*	O	 	P	U	CR	I	-	=
   371 												$10	V	Hlp	C	F3	F4	B	X	Z	4	 	3	6	Esc	5	2	1
   372 												$20	,	Spc	.	N	 	M	/	Inv	R	 	E	Y	Tab	T	W	Q
   373 												$30	9	 	0	7	BS	8	<	>	F	H	D	 	Cap	G	S	A
   374
   375 												together with Shift Key: add +$40
   376 												together with Control key: add +$80 
   377 												*/
   377
     2 												    ICL 'sys_macros.m65'
Source: sys_macros.m65
     1 												;================================================================================
     2 												; System macros, Atari XL + mads [NRV 2009]
     3 												;================================================================================
     4
     5 												;--------------------------------------------------------------------------------
     6 												; SetVector [address] [word]
     7 												;--------------------------------------------------------------------------------
     8
     9 													.macro SetVector
    10 													   .if :0 <> 2
    11 													      .error "SetVector error"
    12 												
    13 													   .else
    14 													      lda #<:2
    15 													      sta :1
    16 													      lda #>:2
    17 													      sta :1+1
    18 													   .endif
    19 												
    20 													.endm
    21
    22
    23 												;--------------------------------------------------------------------------------
    24 												; SetColor [0..4] [0..255]
    25 												; SetColor [0..4] [0..15] [0..15]
    26 												;--------------------------------------------------------------------------------
    27
    28 													.macro SetColor
    29 													   .if :0 < 2 .or :0 > 3
    30 													      .error "SetColor error"
    31 												
    32 													   .else
    33 													      .if :0 = 2
    34 													          lda #:2
    35 													          sta COLPF0+:1
    36 													      .else
    37 													          lda #[:2 * 16 + :3]
    38 													          sta COLPF0+:1
    39 													      .endif
    40 													   .endif
    41 												
    42 													.endm
    43
    44
    45 												;--------------------------------------------------------------------------------
    46 												; SetPMColor [0..3] [0..255]
    47 												; SetPMColor [0..3] [0..15] [0..15]
    48 												;--------------------------------------------------------------------------------
    49
    50 													.macro SetPMColor
    51 													   .if :0 < 2 .or :0 > 3
    52 													      .error "SetPMColor error"
    53 												
    54 													   .else
    55 													      .if :0 = 2
    56 													          lda #:2
    57 													          sta COLPM0+:1
    58 													      .else
    59 													          lda #[:2 * 16 + :3]
    60 													          sta COLPM0+:1
    61 													      .endif
    62 													   .endif
    63 												
    64 													.endm
    65
    66
    67 												;--------------------------------------------------------------------------------
    68 												; VcountSync [0..130]
    69 												; (maximum limit is different on PAL: 155)
    70 												; (could wait forever if there are interrupts activated!)
    71 												; (or if some other "thread" uses "wsync")
    72 												;--------------------------------------------------------------------------------
    73
    74 													.macro VcountSync
    75 													   .if :0 <> 1
    76 													      .error "VcountSync error"
    77 												
    78 													   .else
    79 													      sta WSYNC
    80 												
    81 													      lda #:1
    82 												VSync1	 cmp VCOUNT
    83 													      bne VSync1
    84 												
    85 													      lda #:1+1
    86 												VSync2	 cmp VCOUNT
    87 													      bne VSync2
    88 												
    89 													      sta WSYNC
    90 													   .endif
    91 												
    92 													.endm
    93
    94
    95 												;--------------------------------------------------------------------------------
    96 												; VcountWait [0..130]
    97 												; (maximum limit is different on PAL: 155)
    98 												;--------------------------------------------------------------------------------
    99
   100 													.macro VcountWait
   101 													   .if :0 <> 1
   102 													      .error "VcountWait error"
   103 												
   104 													   .else
   105 													      lda #:1
   106 												VWait1	 cmp VCOUNT
   107 													      bne VWait1
   108 													   .endif
   109 												
   110 													.endm
   111
   112
   113 												;--------------------------------------------------------------------------------
   114 												; VcountWaitUntilEnter [0..129] [(p1+1)..130]
   115 												; (maximum limit is different on PAL: 155)
   116 												;--------------------------------------------------------------------------------
   117
   118 													.macro VcountWaitUntilEnter
   119 													   .if :0 <> 2 .or :1 >= :2
   120 													      .error "VcountWaitUntilEnter error"
   121 												
   122 													   .else
   123 												VWait1     lda VCOUNT
   124 														 cmp #:1
   125 														 beq VExit
   126 													      bcc VWait1	; VCOUNT < :1
   127 														 cmp #:2
   128 														 beq VExit
   129 													      bcs VWait1	; VCOUNT >= :2
   130 												VExit
   131 													   .endif
   132 												
   133 													.endm
   134
   135
   136 												;--------------------------------------------------------------------------------
   137 												; VcountWaitUntilExit [0..129] [(p1+1)..130]
   138 												; (maximum limit is different on PAL: 155)
   139 												;--------------------------------------------------------------------------------
   140
   141 													.macro VcountWaitUntilExit
   142 													   .if :0 <> 2 .or :1 >= :2
   143 													      .error "VcountWaitUntilExit error"
   144 												
   145 													   .else
   146 												VWait1     lda VCOUNT
   147 														 cmp #:1
   148 														 beq VWait1
   149 													      bcc VExit	; VCOUNT < :1
   150 														 cmp #:2
   151 													      bcc VWait1	; VCOUNT < :2
   152 														 beq VWait1
   153 												VExit
   154 													   .endif
   155 												
   156 													.endm
   157
   158
   159 												;--------------------------------------------------------------------------------
   160 												; MarkScanLine [0..255] [0..255]
   161 												; (mark the current scan line with a color)
   162 												;--------------------------------------------------------------------------------
   163
   164 													.macro MarkScanLine
   165 													   .if :0 <> 0 .and :0 <> 2
   166 													      .error "MarkScanLine error"
   167 												
   168 													   .else
   169 													  	   .if :0 = 0
   170 												  		      sta WSYNC
   171 												  	     	 lda #255		; mark color
   172 													  	      sta COLBK
   173 												
   174 												  		      sta WSYNC
   175 												  	     	 lda #0		; restore color
   176 													  	      sta COLBK
   177 												
   178 												  		   .else
   179 													     	 sta WSYNC
   180 														      lda #:1		; mark color
   181 														      sta COLBK
   182 												
   183 														      sta WSYNC
   184 														      lda #:2		; restore color
   185 													     	 sta COLBK
   186 														   .endif
   187 													   .endif
   188 												
   189 													.endm
   190
   191
   192 												;--------------------------------------------------------------------------------
   193 												; MarkScanLineIfConsol [0..255] [0..255]
   194 												; (mark the current scan line with a color, if a consol key is pressed)
   195 												;--------------------------------------------------------------------------------
   196
   197 													.macro MarkScanLineIfConsol
   198 													   .if :0 <> 0 .and :0 <> 2
   199 													      .error "MarkScanLineIfConsol error"
   200 												
   201 													   .else
   202 														 .if :0 = 0
   203 														      lda CONSOL
   204 														      and #%111
   205 													     	 cmp #%111
   206 														      beq ExitMarkScanLineIfConsol
   207 												
   208 														      sta WSYNC
   209 														      lda #255		; mark color
   210 														      sta COLBK
   211 												
   212 														      sta WSYNC
   213 														      lda #0		; restore color
   214 													     	 sta COLBK
   215 												
   216 													   	 .else
   217 														      lda CONSOL
   218 														      and #%111
   219 													     	 cmp #%111
   220 														      beq ExitMarkScanLineIfConsol
   221 												
   222 														      sta WSYNC
   223 													     	 lda #:1		; mark color
   224 														      sta COLBK
   225 												
   226 														      sta WSYNC
   227 													     	 lda #:2		; restore color
   228 														      sta COLBK
   229 												
   230 													   	 .endif
   231 													   .endif
   232 												
   233 												ExitMarkScanLineIfConsol
   234 												
   235 													.endm
   236
   237
   238 												;--------------------------------------------------------------------------------
   239 												; MarkCyclesIfConsol [0..255] [0..255]
   240 												; (mark the current scan position with a color, for some cycles)
   241 												;--------------------------------------------------------------------------------
   242
   243 													.macro MarkCyclesIfConsol
   244 													   .if :0 = 0
   245 													      lda CONSOL
   246 													      and #%111
   247 													      cmp #%111
   248 													      beq ExitMarkCyclesIfConsol
   249 												
   250 													      lda #255		; mark color
   251 													      sta COLBK
   252 												
   253 													      lda ($00),y	; dummy 5 cycles
   254 													      lda ($00),y	; dummy 5 cycles
   255 													      lda ($00),y	; dummy 5 cycles
   256 													      lda ($00),y	; dummy 5 cycles
   257 													      lda ($00),y	; dummy 5 cycles
   258 													      lda ($00),y	; dummy 5 cycles
   259 												
   260 													      lda #0		; restore color
   261 													      sta COLBK
   262 												
   263 													   .elseif :0 = 2
   264 													      lda CONSOL
   265 													      and #%111
   266 													      cmp #%111
   267 													      beq ExitMarkCyclesIfConsol
   268 												
   269 													      lda #:1		; mark color
   270 													      sta COLBK
   271 												
   272 													      lda ($00),y	; dummy 5 cycles
   273 													      lda ($00),y	; dummy 5 cycles
   274 													      lda ($00),y	; dummy 5 cycles
   275 													      lda ($00),y	; dummy 5 cycles
   276 													      lda ($00),y	; dummy 5 cycles
   277 													      lda ($00),y	; dummy 5 cycles
   278 												
   279 													      lda #:2		; restore color
   280 													      sta COLBK
   281 												
   282 													   .else
   283 													      .error "MarkCyclesIfConsol error"
   284 												
   285 													   .endif
   286 												
   287 												ExitMarkCyclesIfConsol
   288 												
   289 													.endm
   290
   291
   292 												;--------------------------------------------------------------------------------
   293 												; SetBasic [0,1]
   294 												;--------------------------------------------------------------------------------
   295
   296 													.macro SetBasic
   297 													   .if :0 <> 1
   298 													      .error "SetBasic error"
   299 												
   300 													   .else
   301 													      .if :1 = 0
   302 													         lda PORTB	; deactivate Basic
   303 													         ora #%00000010
   304 													         sta PORTB
   305 													      .else
   306 													         lda PORTB	; activate Basic
   307 													         and #%11111101
   308 													         sta PORTB
   309 													      .endif
   310 													   .endif
   311 												
   312 													.endm
   313
   314
   315 												;--------------------------------------------------------------------------------
   316 												; SetOperativeSystem [0,1]
   317 												;--------------------------------------------------------------------------------
   318
   319 													.macro SetOperativeSystem
   320 													   .if :0 <> 1
   321 													      .error "SetOperativeSystem error"
   322 												
   323 													   .else
   324 													      .if :1 = 0
   325 													         lda PORTB	; deactivate Operative System
   326 													         and #%11111110
   327 													         sta PORTB
   328 													      .else
   329 													         lda PORTB	; activate Operative System
   330 													         ora #%00000001
   331 													         sta PORTB
   332 													      .endif
   333 													   .endif
   334 												
   335 													.endm
   336
   337
   338 												;--------------------------------------------------------------------------------
   339 												; EnableBasic
   340 												;--------------------------------------------------------------------------------
   341
   342 													.macro EnableBasic
   343 													   .if :0 <> 0
   344 													      .error "EnableBasic error"
   345 												
   346 													   .else
   347 													      SetBasic 1
   348 													   .endif
   349 												
   350 													.endm
   351
   352
   353 												;--------------------------------------------------------------------------------
   354 												; DisableBasic
   355 												;--------------------------------------------------------------------------------
   356
   357 													.macro DisableBasic
   358 													   .if :0 <> 0
   359 													      .error "DisableBasic error"
   360 												
   361 													   .else
   362 													      SetBasic 0
   363 													   .endif
   364 												
   365 													.endm
   366
   367
   368 												;--------------------------------------------------------------------------------
   369 												; EnableOperativeSystem
   370 												;--------------------------------------------------------------------------------
   371
   372 													.macro EnableOperativeSystem
   373 													   .if :0 <> 0
   374 													      .error "EnableOperativeSystem error"
   375 												
   376 													   .else
   377 													      SetOperativeSystem 1
   378 													   .endif
   379 												
   380 													.endm
   381
   382
   383 												;--------------------------------------------------------------------------------
   384 												; DisableOperativeSystem
   385 												;--------------------------------------------------------------------------------
   386
   387 													.macro DisableOperativeSystem
   388 													   .if :0 <> 0
   389 													      .error "DisableOperativeSystem error"
   390 												
   391 													   .else
   392 													      SetOperativeSystem 0
   393 													   .endif
   394 												
   395 													.endm
   396
   397
   398 												;--------------------------------------------------------------------------------
   399 												; EnableNormalInterrupts
   400 												;--------------------------------------------------------------------------------
   401
   402 													.macro EnableNormalInterrupts
   403 													   .if :0 <> 0
   404 													      .error "EnableNormalInterrupts error"
   405 												
   406 													   .else
   407 													      cli
   408 												;	      lda #[8+16+32]	; serial I/O interrupts
   409 												;	      lda #[64+128]		; keyboard and break interrupts (only ones enabled on powerup)
   410 												;	      sta IRQEN
   411 													      lda #64			; VBI interrupt
   412 													      sta NMIEN
   413 													   .endif
   414 												
   415 													.endm
   416
   417
   418 												;--------------------------------------------------------------------------------
   419 												; DisableNormalInterrupts
   420 												;--------------------------------------------------------------------------------
   421
   422 													.macro DisableNormalInterrupts
   423 													   .if :0 <> 0
   424 													      .error "DisableNormalInterrupts error"
   425 												
   426 													   .else
   427 													      sei
   428 													      lda #0
   429 													      sta IRQEN
   430 													      sta NMIEN
   431 													   .endif
   432 												
   433 													.endm
   434
   435
   436 												;--------------------------------------------------------------------------------
   437 												; ClearSystem
   438 												;--------------------------------------------------------------------------------
   439
   440 													.macro ClearSystem
   441 													   .if :0 <> 0
   442 													      .error "ClearSystem error"
   443 												
   444 													   .else
   445 													      clc
   446 													      cld
   447 												
   448 													      sei
   449 												
   450 													      lda #0
   451 													      sta IRQEN	; clear interrupts and screen
   452 													      sta NMIEN
   453 												
   454 													      sta DMACTL
   455 													      sta COLBK
   456 												
   457 													      sta GRACTL	; clear P/M
   458 													      sta GRAFP0
   459 													      sta GRAFP1
   460 													      sta GRAFP2
   461 													      sta GRAFP3
   462 													      sta GRAFM
   463 												
   464 													      sta HPOSP0
   465 													      sta HPOSP1
   466 													      sta HPOSP2
   467 													      sta HPOSP3
   468 													      sta HPOSM0
   469 													      sta HPOSM1
   470 													      sta HPOSM2
   471 													      sta HPOSM3
   472 												
   473 													      sta PRIOR	; clear GTIA also
   474 												
   475 													      sta AUDCTL	; clear sound
   476 													      sta AUDC1
   477 													      sta AUDC2
   478 													      sta AUDC3
   479 													      sta AUDC4
   480 												
   481 													      lda #3
   482 													      sta SKCTL
   483 													   .endif
   484 												
   485 													.endm
   486
   487
   488 												;--------------------------------------------------------------------------------
   489 												; SetDisplayListAddress [word]
   490 												; (use when the screen is not being displayed!)
   491 												; (remember to not cross the 1K limit..)
   492 												;--------------------------------------------------------------------------------
   493
   494 													.macro SetDisplayListAddress
   495 													   .if :0 <> 1
   496 													      .error "SetDisplayListAddress error"
   497 												
   498 													   .else
   499 													      SetVector DLISTL, :1
   500 												
   501 												;	      lda #<:1
   502 												;	      sta DLISTL
   503 												;	      lda #>:1
   504 												;	      sta DLISTH
   505 													   .endif
   506 												
   507 													.endm
   508
   509
   510 												;--------------------------------------------------------------------------------
   511 												; SetFontAddress [word]
   512 												; (remember that this transform to a page a number)
   513 												;--------------------------------------------------------------------------------
   514
   515 													.macro SetFontAddress
   516 													   .if :0 <> 1
   517 													      .error "SetFontAddress error"
   518 												
   519 													   .else
   520 													      lda #>:1
   521 													      sta CHBASE
   522 													   .endif
   523 												
   524 													.endm
   525
   526
   527 												;--------------------------------------------------------------------------------
   528 												; SetPMBaseAddress [word]
   529 												; (remember that this transform to a page a number)
   530 												;--------------------------------------------------------------------------------
   531
   532 													.macro SetPMBaseAddress
   533 													   .if :0 <> 1
   534 													      .error "SetPMBaseAddress error"
   535 												
   536 													   .else
   537 													      lda #>:1
   538 													      sta PMBASE
   539 													   .endif
   540 												
   541 													.endm
   542
   543
   544 												;--------------------------------------------------------------------------------
   545 												; SetMemory [address] [bytes] [value]
   546 												;--------------------------------------------------------------------------------
   547
   548 												; warning, using some page zero memory
   549
   550 													.macro SetMemory
   551 												
   552 												setMemPtr	= 254
   553 												setMemCounter	= 252
   554 												
   555 													   .if :0 <> 3
   556 													      .error "SetMemory error"
   557 												
   558 													   .else
   559 													      ldy #0
   560 												
   561 													      lda #<:1
   562 													      sta setMemPtr
   563 													      lda #>:1
   564 													      sta setMemPtr+1
   565 												
   566 													      .if :2 < 256
   567 													         lda #:3
   568 												setMemLoop1
   569 													         sta (setMemPtr),y
   570 													         iny
   571 													         cpy #:2
   572 													         bne setMemLoop1
   573 												
   574 													      .else
   575 													         lda #<:2
   576 													         sta setMemCounter
   577 													         lda #>:2
   578 													         sta setMemCounter+1
   579 												
   580 												setMemLoop2
   581 													         lda #:3
   582 													         sta (setMemPtr),y
   583 													         iny
   584 													         bne setMemB1
   585 													         inc setMemPtr+1
   586 												setMemB1
   587 													         lda setMemCounter
   588 													         bne setMemB2
   589 													         dec setMemCounter+1
   590 												setMemB2
   591 													         dec setMemCounter
   592 												
   593 													         lda setMemCounter
   594 													         ora setMemCounter+1
   595 													         bne setMemLoop2
   596 													      .endif
   597 													   .endif
   598 												
   599 													.endm
   600
   601
   602 												;--------------------------------------------------------------------------------
   603 												; SetMemoryRandom [address] [bytes]
   604 												;--------------------------------------------------------------------------------
   605
   606 												; warning, using some page zero memory
   607
   608 													.macro SetMemoryRandom
   609 												
   610 												setMemRPtr	= 254
   611 												setMemRCounter	= 252
   612 												
   613 													   .if :0 <> 2
   614 													      .error "SetMemoryRandom error"
   615 												
   616 													   .else
   617 													      ldy #0
   618 												
   619 													      lda #<:1
   620 													      sta setMemRPtr
   621 													      lda #>:1
   622 													      sta setMemRPtr+1
   623 												
   624 													      .if :2 < 256
   625 												setMemRLoop1
   626 													         lda RANDOM
   627 													         sta (setMemRPtr),y
   628 													         iny
   629 													         cpy #:2
   630 													         bne setMemRLoop1
   631 												
   632 													      .else
   633 													         lda #<:2
   634 													         sta setMemRCounter
   635 													         lda #>:2
   636 													         sta setMemRCounter+1
   637 												
   638 												setMemRLoop2
   639 													         lda RANDOM
   640 													         sta (setMemRPtr),y
   641 													         iny
   642 													         bne setMemRB1
   643 													         inc setMemRPtr+1
   644 												setMemRB1
   645 													         lda setMemRCounter
   646 													         bne setMemRB2
   647 													         dec setMemRCounter+1
   648 												setMemRB2
   649 													         dec setMemRCounter
   650 												
   651 													         lda setMemRCounter
   652 													         ora setMemRCounter+1
   653 													         bne setMemRLoop2
   654 													      .endif
   655 													   .endif
   656 												
   657 													.endm
   658
   659
   660 												;--------------------------------------------------------------------------------
   661 												; ClampMemory [address] [bytes] [min value] [max value]
   662 												;--------------------------------------------------------------------------------
   663
   664 												; warning, using some page zero memory
   665
   666 													.macro ClampMemory
   667 												
   668 												clampMemPtr	= 254
   669 												clampMemCounter	= 252
   670 												
   671 													   .if :0 <> 4
   672 													      .error "ClampMemory error"
   673 												
   674 													   .else
   675 													      ldy #0
   676 												
   677 													      lda #<:1
   678 													      sta clampMemPtr
   679 													      lda #>:1
   680 													      sta clampMemPtr+1
   681 												
   682 													      .if :2 < 256
   683 												clampMemLoop1
   684 													         lda (clampMemPtr),y
   685 													         cmp #:3
   686 													         bcs clampMemB3		; if >= min then continue
   687 													         lda #:3
   688 													         jmp clampMemB4
   689 												clampMemB3
   690 													         cmp #:4
   691 													         bcc clampMemB4		; if < max then continue
   692 												;	         beq clampMemB4		; if = max then continue
   693 													         lda #:4
   694 												clampMemB4
   695 													         sta (clampMemPtr),y
   696 												
   697 													         iny
   698 													         cpy #:2
   699 													         bne clampMemLoop1
   700 												
   701 													      .else
   702 													         lda #<:2
   703 													         sta clampMemCounter
   704 													         lda #>:2
   705 													         sta clampMemCounter+1
   706 												
   707 												clampMemLoop2
   708 													         lda (clampMemPtr),y
   709 													         cmp #:3
   710 													         bcs clampMemB5		; if >= min then continue
   711 													         lda #:3
   712 													         jmp clampMemB6
   713 												clampMemB5
   714 													         cmp #:4
   715 													         bcc clampMemB6		; if < max then continue
   716 												;	         beq clampMemB6		; if = max then continue
   717 													         lda #:4
   718 												clampMemB6
   719 													         sta (clampMemPtr),y
   720 												
   721 													         iny
   722 													         bne clampMemB1
   723 													         inc clampMemPtr+1
   724 												clampMemB1
   725 													         lda clampMemCounter
   726 													         bne clampMemB2
   727 													         dec clampMemCounter+1
   728 												clampMemB2
   729 													         dec clampMemCounter
   730 												
   731 													         lda clampMemCounter
   732 													         ora clampMemCounter+1
   733 													         bne clampMemLoop2
   734 													      .endif
   735 													   .endif
   736 												
   737 													.endm
   738
   739
   740 												;--------------------------------------------------------------------------------
   741 												; AndMemory [address] [bytes] [value]
   742 												;--------------------------------------------------------------------------------
   743
   744 												; warning, using some page zero memory
   745
   746 													.macro AndMemory
   747 												
   748 												andMemPtr	= 254
   749 												andMemCounter	= 252
   750 												
   751 													   .if :0 <> 3
   752 													      .error "AndMemory error"
   753 												
   754 													   .else
   755 													      ldy #0
   756 												
   757 													      lda #<:1
   758 													      sta andMemPtr
   759 													      lda #>:1
   760 													      sta andMemPtr+1
   761 												
   762 													      .if :2 < 256
   763 												andMemLoop1
   764 													         lda (andMemPtr),y
   765 													         and #:3
   766 													         sta (andMemPtr),y
   767 													         iny
   768 													         cpy #:2
   769 													         bne andMemLoop1
   770 												
   771 													      .else
   772 													         lda #<:2
   773 													         sta andMemCounter
   774 													         lda #>:2
   775 													         sta andMemCounter+1
   776 												
   777 												andMemLoop2
   778 													         lda (andMemPtr),y
   779 													         and #:3
   780 													         sta (andMemPtr),y
   781 													         iny
   782 													         bne andMemB1
   783 													         inc andMemPtr+1
   784 												andMemB1
   785 													         lda andMemCounter
   786 													         bne andMemB2
   787 													         dec andMemCounter+1
   788 												andMemB2
   789 													         dec andMemCounter
   790 												
   791 													         lda andMemCounter
   792 													         ora andMemCounter+1
   793 													         bne andMemLoop2
   794 													      .endif
   795 													   .endif
   796 												
   797 													.endm
   798
   799
   800 												;--------------------------------------------------------------------------------
   801 												; CopyMemory [source address] [dest address] [bytes]
   802 												;--------------------------------------------------------------------------------
   803
   804 												; warning, using some page zero memory
   805
   806 													.macro CopyMemory
   807 												
   808 												copyMemPtr1	= 254
   809 												copyMemPtr2	= 252
   810 												copyMemCounter	= 250
   811 												
   812 													   .if :0 <> 3
   813 													      .error "CopyMemory error"
   814 												
   815 													   .else
   816 													      ldy #0
   817 												
   818 													      .if :3 <= 256
   819 												copyMemLoop1
   820 														lda :1,y
   821 														sta :2,y
   822 														iny
   823 														.if :3 < 256
   824 															cpy #<:3
   825 														.endif
   826 														bne copyMemLoop1
   827 												
   828 													      .else
   829 													        lda #<:1
   830 													        sta copyMemPtr1
   831 													        lda #>:1
   832 													        sta copyMemPtr1+1
   833 														lda #<:2
   834 														sta copyMemPtr2
   835 														lda #>:2
   836 														sta copyMemPtr2+1
   837 														lda #<:3
   838 														sta copyMemCounter
   839 														lda #>:3
   840 														sta copyMemCounter+1
   841 												
   842 												copyMemLoop2
   843 														lda (copyMemPtr1),y
   844 														sta (copyMemPtr2),y
   845 														iny
   846 														bne copyMemB1
   847 														inc copyMemPtr1+1
   848 														inc copyMemPtr2+1
   849 												copyMemB1
   850 														lda copyMemCounter
   851 														bne copyMemB2
   852 														dec copyMemCounter+1
   853 												copyMemB2
   854 														dec copyMemCounter
   855 												
   856 														lda copyMemCounter
   857 														ora copyMemCounter+1
   858 														bne copyMemLoop2
   859 													      .endif
   860 													   .endif
   861 												
   862 													.endm
   863
   864
   865 												;--------------------------------------------------------------------------------
   866 												; CreateDisplayList [DL address] [DL mode] [memory address]
   867 												; (remember to not cross the 1K limit.. and the 4K limit)
   868 												;--------------------------------------------------------------------------------
   869
   870 												; 	.macro CreateDisplayList
   871 												; 	   .if :0 <> 3
   872 												; 	      .error "CreateDisplayList error"
   873 												; 
   874 												; 	   .else
   875 												; 
   876 												; 	   .endif
   877 												; 
   878 												; 	.endm
   879
   880
   881 												;--------------------------------------------------------------------------------
   882 												;
   883 												;--------------------------------------------------------------------------------
   884
   885
   886
     3 												    ORG $700
     4 												MYDOS
     5 FFFF> 0700-1BC2> 4D 03 00 07 E0 07 4C 14 07 03 FF 01 E9 1B 02 04 00 FD 15 0B AC 12 07 AD +       INS 'mydos.dat'
     6 1BC0 20 E0 07										    JSR $07E0
     7 02E2-02E3> 00 07										    INI MYDOS
     8 1BC3												    ORG $2000
     9 2000												    ICL 'paginas.asm'
Source: paginas.asm
     1 2000												LOAD
     2 2000												PAG7
     3 2000												PAG4
    10 2000												    ICL 'funciones.asm'
Source: funciones.asm
     1 												;FUNCIONES DEL SISTEMA
     2 												;
     3 												; COPIA LA ROM A LA RAM
     4 												;
     5 = B000											KEMBUFFERROMRAM =$B000
     6 2000												ROMRAM
     7 2000-266B> A0 00											LDY #$00
     8 2002												KEMLOOP1ROMRAM
     9 2002 B9 00 E0											LDA $E000,Y
    10 2005 99 00 B0											STA KEMBUFFERROMRAM,Y
    11 2008 B9 00 E1											LDA $E100,Y
    12 200B 99 00 B1											STA KEMBUFFERROMRAM+$100,Y
    13 200E B9 00 E2											LDA $E200,Y
    14 2011 99 00 B2											STA KEMBUFFERROMRAM+$200,Y
    15 2014 B9 00 E3											LDA $E300,Y
    16 2017 99 00 B3											STA KEMBUFFERROMRAM+$300,Y
    17 201A C8												INY
    18 201B D0 E5												BNE KEMLOOP1ROMRAM
    19 201D A9 B0												LDA #>KEMBUFFERROMRAM
    20 201F 8D F4 02											STA CHBAS
    21 2022 8D 09 D4											STA CHBASE
    22 2025 A2 C0												LDX #$C0
    23 2027 78												SEI
    24 2028 8C 0E D4											STY $D40E
    25 202B 86 CC												STX $CC
    26 202D 84 CB												STY $CB
    27 202F												LOOPROMRAM
    28 202F B1 CB												LDA ($CB),Y
    29 2031 CE 01 D3											DEC $D301
    30 2034 91 CB												STA ($CB),Y
    31 2036 EE 01 D3											INC $D301
    32 2039 C8												INY
    33 203A D0 F3												BNE LOOPROMRAM
    34 203C E6 CC												INC $CC
    35 203E F0 0C												BEQ @EXITROMRAM
    36 2040 A5 CC												LDA $CC
    37 2042 C9 D0												CMP #$D0
    38 2044 D0 E9												BNE LOOPROMRAM
    39 2046 A9 D8												LDA #$D8
    40 2048 85 CC												STA $CC
    41 204A D0 E3												BNE LOOPROMRAM
    42 204C												@EXITROMRAM
    43 204C A9 E0												LDA #$E0
    44 204E 8D F4 02											STA CHBAS
    45 2051 8D 09 D4											STA CHBASE
    46 2054 98												TYA	//y está en cero, según el código de arriba
    47 2055												KEMLOOP2ROMRAM
    48 2055 99 00 B0											STA KEMBUFFERROMRAM,Y
    49 2058 99 00 B1											STA KEMBUFFERROMRAM+$100,Y
    50 205B 99 00 B2											STA KEMBUFFERROMRAM+$200,Y
    51 205E 99 00 B3											STA KEMBUFFERROMRAM+$300,Y
    52 2061 C8												INY
    53 2062 D0 F1												BNE KEMLOOP2ROMRAM
    54 2064 CE 01 D3											DEC $D301
    55 2067 A2 01												LDX #$01
    56 2069 A0 4C												LDY #$4C
    57 206B A9 13												LDA #$13
    58 206D 8E 17 EE											STX $EE17
    59 2070 8C 8F ED											STY $ED8F
    60 2073 8D 67 ED											STA $ED67
    61 2076 A2 80												LDX #$80
    62 2078 A0 03												LDY #$03
    63 207A 8E A3 EB											STX $EBA3
    64 207D 8C A8 EB											STY $EBA8
    65 2080 A0 04												LDY #$04
    66 2082 A9 EA												LDA #$EA
    67 2084												NOPROMRAM
    68 2084 99 85 ED											STA $ED85,Y
    69 2087 88												DEY
    70 2088 10 FA												BPL NOPROMRAM
    71 208A A0 37												LDY #STACFROMRAM-STACIROMRAM
    72 208C												MOVEROMRAM
    73 208C B9 9D 20											LDA STACIROMRAM,Y
    74 208F 99 EF EC											STA $ECEF,Y
    75 2092 88												DEY
    76 2093 10 F7												BPL MOVEROMRAM
    77 2095 A9 40												LDA #$40
    78 2097 8D 0E D4											STA NMIEN
    79 209A 58												CLI
    80 209B 18												CLC
    81 209C 60												RTS
    82 209D												STACIROMRAM
    83 209D A9 7D												LDA #$7D
    84 209F A6 62												LDX $62
    85 20A1 F0 02												BEQ CC0ROMRAM
    86 20A3 A9 64												LDA #$64
    87 20A5												CC0ROMRAM
    88 20A5 18												CLC
    89 20A6 7D 19 EE											ADC $EE19,X
    90 20A9 88												DEY
    91 20AA 10 F9												BPL CC0ROMRAM
    92 20AC 18												CLC
    93 20AD 6D 12 03											ADC $0312
    94 20B0 38												SEC
    95 20B1 E9 64												SBC #$64
    96 20B3 90 1C												BCC CC3ROMRAM
    97 20B5 8D 12 03											STA $0312
    98 20B8 A0 02												LDY #$02
    99 20BA A2 06												LDX #$06
   100 20BC A9 4F												LDA #$4F
   101 20BE												CC2ROMRAM
   102 20BE 6D 12 03											ADC $0312
   103 20C1 90 02												BCC CC1ROMRAM
   104 20C3 C8												INY
   105 20C4 18												CLC
   106 20C5												CC1ROMRAM
   107 20C5 CA												DEX
   108 20C6 D0 F6												BNE CC2ROMRAM
   109 20C8 8D EE 02											STA $02EE
   110 20CB 8C EF 02											STY $02EF
   111 20CE 4C 96 ED											JMP $ED96
   112 20D1												CC3ROMRAM
   113 20D1 4C 3D ED											JMP $ED3D
   114 20D4												STACFROMRAM
   115
   116 = 0600											TABMEMBANKS = $600
   117 20D4												BANKOS
   118 20D4 00											    .BY $00
   119 20D5												RY
   120 20D5 00 00 00										    .BY $00,$00,$00
   121 20D8												LEN
   122 20D8 00 00 00										    .BY $00,$00,$00
   123 = 00CB											PCRSR   = $CB
   124 												;Deteccion de memoria adicional
   125 												;El programa verifica la 
   126 												;presencia de una extension
   127 												;de memoria basandose en los 
   128 												;codigos de banco dBANK 
   129 												;permitidos y guarda los bancos
   130 												;encontrados desde la direccion
   131 												;TABMEMBANKS+1.
   132 												;El metodo de prueba excluye la 
   133 												;posibilidad de duplicar 
   134 												;cualquier banco de memoria
   135 												;adicional.
   136 												;La primera entrada en la tabla
   137 												;TABMEMBANKS es el valor 
   138 												;$FF, este es el codigo del
   139 												;banco numero 0 en la memoria
   140 												;primaria.
   141 												;La tabla con los bancos de
   142 												;memoria encontrados puede
   143 												;contener como maximo 65
   144 												;entradas.
   145 												;(para 1 MB de memoria 
   146 												;adicional).
   147 												;El numero de bancos 
   148 												;encontrados se devuelve en
   149 												;el registro del acumulador
   150 												;A.
   151 												;numero maximo de bancos de
   152 												;memoria
   153 = 0040											MAXBANKS = 64		
   154 20DB												MEMORIA
   155 20DB 00 00 00										    .BY $00,$00,$00
   156 20DE												MEM
   157 20DE A9 00											    LDA #$00
   158 20E0 8D DB 20										    STA MEMORIA
   159 20E3 8D DC 20										    STA MEMORIA+1
   160 20E6 8D DD 20										    STA MEMORIA+2
   161 												;byte de la memoria primaria
   162 20E9 AD FF 7F											LDA $7FFF	
   163 20EC 8D 6E 21											STA TEMP
   164 20EF A2 3F											    LDX #MAXBANKS-1
   165 20F1												S1 
   166 20F1 BD 6F 21										    LDA DBANK,X
   167 20F4 8D 01 D3										    STA PORTB
   168 20F7 AD FF 7F										    LDA $7FFF
   169 20FA 9D 00 06										    STA TABMEMBANKS,X
   170 20FD CA											    DEX
   171 20FE 10 F1											    BPL S1
   172 2100 A2 3F											    LDX #MAXBANKS-1
   173 2102												S2 
   174 2102 BD 6F 21										    LDA DBANK,X
   175 2105 8D 01 D3										    STA PORTB
   176 2108 8D FF 7F										    STA $7FFF
   177 210B CA											    DEX
   178 210C 10 F4											    BPL S2
   179 												;volvemos a la memoria basica,
   180 												;aqui debajo de $7FFF
   181 												;escribimos el valor $FF
   182 210E A9 FF												LDA #$FF
   183 2110 8D 01 D3											STA PORTB
   184 2113 8D FF 7F											STA $7FFF
   185 2116 8D 00 06											STA TABMEMBANKS ; primera
   186 												;entrada en TABMEMBANKS = $FF
   187 												;comprobamos la presencia de
   188 												;bancos de memoria adicionales,
   189 												;guardamos los bancos detectados
   190 												;desde la direccion 
   191 												;TABMEMBANKS+1 el registro
   192 												;Y cuenta los bancos de memoria
   193 												;encontrados
   194 2119 A0 00												LDY #0
   195 211B A2 3F											    LDX #MAXBANKS-1
   196 211D												LOP	
   197 211D BD 6F 21										    LDA DBANK,X
   198 2120 8D 01 D3										    STA PORTB
   199 2123 CD FF 7F										    CMP $7FFF
   200 2126 D0 07											    BNE SKP
   201 2128 99 01 06											STA TABMEMBANKS+1,Y
   202 212B C8											    INY
   203 212C 8C D4 20										    STY BANKOS
   204 212F												SKP
   205 212F CA											    DEX
   206 2130 10 EB											    BPL LOP
   207 2132 A2 3F											    LDX #MAXBANKS-1
   208 2134												R3 
   209 2134 BD 6F 21										    LDA DBANK,X
   210 2137 8D 01 D3										    STA PORTB
   211 213A BD 00 06										    LDA TABMEMBANKS,X
   212 213D 8D FF 7F										    STA $7FFF
   213 2140 CA											    DEX
   214 2141 10 F1											    BPL R3
   215 												;Terminamos restaurando la 
   216 												;memoria primaria.
   217 2143 A9 FF											    LDA #$FF
   218 2145 8D 01 D3										    STA PORTB
   219 												;Restauramos el contenido 
   220 2148 A9 00												LDA #0		
   221 												;antiguo de la celda de memoria
   222 												;desde la direccion $7FFF en la
   223 												;memoria primaria.
   224 214A 8D FF 7F											STA $7FFF
   225 												;en regla el numero de bancos 
   226 												;de memoria adicionales
   227 												;encontrados
   228 214D 98												TYA		
   229 214E AE D4 20										    LDX BANKOS
   230 2151 CA											    DEX
   231 2152												CALMEM
   232 2152 AD DB 20										    LDA MEMORIA
   233 2155 69 00												ADC #$00
   234 2157 8D DB 20											STA MEMORIA
   235 215A AD DC 20											LDA MEMORIA+1
   236 215D 69 40												ADC #$40
   237 215F 8D DC 20											STA MEMORIA+1
   238 2162 AD DD 20											LDA MEMORIA+2
   239 2165 69 00												ADC #$00
   240 2167 8D DD 20											STA MEMORIA+2
   241 216A CA												DEX
   242 216B 10 E5											    BPL CALMEM
   243 216D 60											    RTS
   244 												;La tabla DBANK contiene codigos
   245 												;permitidos para los bancos
   246 												;habilitados para PORTB
   247 216E												TEMP
   248 216E 00											    .BY $00
   249 216F												DBANK
   250 216F E3 C3 A3 83 63 43 23 03										.BY $E3,$C3,$A3,$83,$63,$43,$23,$03
   251 2177 E7 C7 A7 87 67 47 27 07									    .BY $E7,$C7,$A7,$87,$67,$47,$27,$07
   252 217F EB CB AB 8B 6B 4B 2B 0B									    .BY $EB,$CB,$AB,$8B,$6B,$4B,$2B,$0B
   253 2187 EF CF AF 8F 6F 4F 2F 0F									    .BY $EF,$CF,$AF,$8F,$6F,$4F,$2F,$0F
   254 218F ED CD AD 8D 6D 4D 2D 0D									    .BY $ED,$CD,$AD,$8D,$6D,$4D,$2D,$0D
   255 2197 E9 C9 A9 89 69 49 29 09									    .BY $E9,$C9,$A9,$89,$69,$49,$29,$09
   256 219F E5 C5 A5 85 65 45 25 05									    .BY $E5,$C5,$A5,$85,$65,$45,$25,$05
   257 21A7 E1 C1 A1 81 61 41 21 01									    .BY $E1,$C1,$A1,$81,$61,$41,$21,$01
   258
   259 												;CONVIERTE BYTES A ATASCII
   260 21AF												RESATASCII
   261 21AF 00 00 00 00 00 00 00 00										.BYTE $00,$00,$00,$00,$00,$00,$00,$00
   262 21B7												RESBCD
   263 21B7 00 00 00 00											.BYTE $00,$00,$00,$00
   264 21BB												VAL	
   265 21BB 00 00 00											.BYTE $00,$00,$00
   266 21BE												LIMPIORES
   267 21BE A2 07												LDX #7
   268 21C0 A9 00												LDA #0
   269 21C2												LIMPIORES01
   270 21C2 9D AF 21											STA RESATASCII,X
   271 21C5 CA												DEX
   272 21C6 10 FA												BPL LIMPIORES01
   273 21C8 A2 03												LDX #3
   274 21CA												LIMPIORES02
   275 21CA 9D B7 21											STA RESBCD,X
   276 21CD 9D 44 22											STA HEXATASCII,X
   277 21D0 CA												DEX
   278 21D1 10 F7												BPL LIMPIORES02
   279 21D3 60												RTS
   280 21D4												LIMPIOVAL
   281 21D4 A2 02												LDX #2
   282 21D6 A9 00												LDA #$00
   283 21D8												LIMPIOVAL01
   284 21D8 9D BB 21											STA VAL,X
   285 21DB CA												DEX
   286 21DC 10 FA												BPL LIMPIOVAL01
   287 21DE 60												RTS
   288 												; Convert an 16 bit binary value into a 24bit BCD value
   289 21DF												BIN2BCD
   290 21DF 20 BE 21											JSR LIMPIORES
   291 21E2 A9 00												LDA #0		  ;Clear the result area
   292 21E4 8D B7 21											STA RESBCD+0
   293 21E7 8D B8 21											STA RESBCD+1
   294 21EA 8D B9 21											STA RESBCD+2
   295 21ED 8D BA 21											STA RESBCD+3
   296 21F0 A2 18												LDX #24		 ;Setup the bit counter
   297 21F2 F8												SED			 ;Enter decimal mode
   298 21F3												LOOPHEX
   299 21F3 0E BB 21											ASL VAL+0	   ;Shift a bit out of the binary
   300 21F6 2E BC 21											ROL VAL+1
   301 21F9 2E BD 21											ROL VAL+2	   ;... value
   302 21FC AD B7 21											LDA RESBCD+0	   ;And add it into the result, doubling
   303 21FF 6D B7 21											ADC RESBCD+0	   ;... it at the same time
   304 2202 8D B7 21											STA RESBCD+0
   305 2205 AD B8 21											LDA RESBCD+1
   306 2208 6D B8 21											ADC RESBCD+1
   307 220B 8D B8 21											STA RESBCD+1
   308 220E AD B9 21											LDA RESBCD+2
   309 2211 6D B9 21											ADC RESBCD+2
   310 2214 8D B9 21											STA RESBCD+2
   311 2217 AD BA 21											LDA RESBCD+3
   312 221A 6D BA 21											ADC RESBCD+3
   313 221D 8D BA 21											STA RESBCD+3
   314 2220 CA												DEX			 ;More bits to process?
   315 2221 D0 D0												BNE LOOPHEX
   316 2223 D8												CLD			 ;Leave decimal mode
   317 													;BRK
   318 2224												BCD2ATASCII
   319 2224 A2 04												LDX #4
   320 2226 A0 00												LDY #0
   321 2228												LOOP2
   322 2228 BD B6 21											LDA RESBCD-1,X
   323 222B 4A												LSR
   324 222C 4A												LSR
   325 222D 4A												LSR
   326 222E 4A												LSR
   327 222F 09 10												ORA #$10
   328 2231 99 AF 21											STA RESATASCII,Y
   329 2234 BD B6 21											LDA RESBCD-1,X
   330 2237 29 0F												AND #$0F
   331 2239 09 10												ORA #$10
   332 223B 99 B0 21											STA RESATASCII+1,Y
   333 223E C8												INY
   334 223F C8												INY
   335 2240 CA												DEX
   336 2241 D0 E5												BNE LOOP2
   337 2243 60												RTS
   338
   339 2244												HEXATASCII
   340 2244 00 00 00 00											.BYTE $00,$00,$00,$00
   341 												;
   342 2248												BIN3BCD
   343 2248 20 BE 21											JSR LIMPIORES
   344 224B A2 01												LDX #1	;X BYTES DE INDICE
   345 224D A0 00												LDY #0
   346 224F												ROTATE
   347 												;OBTENEMOS EL NIBBLE ALTO
   348 224F BD BB 21											LDA VAL,X
   349 2252 4A												LSR 
   350 2253 4A												LSR
   351 2254 4A												LSR
   352 2255 4A												LSR
   353 												;GUARDAMOS EL NIBLE ALTO
   354 2256 99 44 22											STA HEXATASCII,Y
   355 												;AHORA OBTENEMOS EL NYBBLE BAJO
   356 2259 BD BB 21											LDA VAL,X
   357 225C 29 0F												AND #$0F	;NYBBLE BAJO
   358 225E C8												INY
   359 225F 99 44 22											STA HEXATASCII,Y
   360 2262 C8												INY
   361 2263 CA												DEX
   362 2264 10 E9												BPL ROTATE
   363 2266 A0 00												LDY #0
   364 2268 A2 03												LDX #3
   365 226A												BYTEHEX
   366 226A B9 44 22											LDA HEXATASCII,Y
   367 226D C9 0A												CMP #$0A 
   368 226F 90 02												BCC ADD48
   369 2271 69 06												ADC #$06 ; "A-0"
   370 2273												ADD48
   371 2273 69 10												ADC #$10
   372 2275 99 44 22											STA HEXATASCII,Y
   373 2278 C8												INY
   374 2279 CA												DEX
   375 227A 10 EE												BPL BYTEHEX
   376 227C 60												RTS
    11 227D												DLSPRINCIPAL
    12 227D 70 70 70										:3  .BY $70
    13 2280 46											    .BY $46
    14 2281 9D 22											    .WO SHOWPRINCIPAL
    15 2283 02 02 02 02 02 02 02 02 02 02 02 02 02 02						:14  .BY $02
    16 2291 70											    .BY $70
    17 2292 02 02 02 02 02 02 02 02									:8    .BY $02    
    18 229A 41											    .BY $41
    19 229B 7D 22											    .WO DLSPRINCIPAL
    20 229D												SHOWPRINCIPAL
    21 229D 00 00 00 00 00 00 00 00 00 00 00 00 00 00 00 00 00 00 00 00				:20    .SB " "
    22 22B1 51 52 52 52 52 52 52 52 52 52 52 52 52 52 52 52 52 52 52 52 52 52 52 52 52 52 52 52 +       .SB +32,"QRRRRRRRRRRRRRRRRRRRRRRRRRRRRRRRRRRRRRRE"
    23 22D9 7C 00 00 24 2F 27 24 21 32 2B 00 2D 35 2C 34 29 22 21 2E 23 2F 33 00 2E 28 30 00 13 +       .SB "|  DOGDARK MULTIBANCOS NHP 3.0 - 2025  |"
    24 2301 41 52 52 52 52 52 52 52 52 52 52 52 52 52 52 52 57 52 52 52 52 52 52 52 52 52 52 52 +       .SB +32,"ARRRRRRRRRRRRRRRWRRRRRRRRRRRRRRRRRRRRRRD"
    25 2329 7C 2D 25 2D 2F 32 29 21 00 00 00 00 00 00 00 00 7C 00 00 00 00 00 00 00 00 00 00 00 +       .SB "|MEMORIA        |              ******* |"
    26 2351 7C 22 21 2E 23 2F 33 00 00 00 00 00 00 00 00 00 7C 00 00 00 00 00 00 00 00 00 00 00 +       .SB "|BANCOS         |                   ** |"
    27 2379 7C 30 2F 32 34 22 00 00 00 00 00 00 00 00 00 00 7C 00 00 00 00 00 00 00 00 00 00 00 +       .SB "|PORTB          |                  $** |"
    28 23A1 7C 33 29 33 34 25 2D 21 00 00 00 00 00 00 00 00 7C 36 25 2C 2F 23 29 24 21 24 00 16 +       .SB "|SISTEMA        |VELOCIDAD 600 BAUDIOS |"
    29 23C9 7C 22 2C 2F 31 35 25 33 00 27 32 21 22 21 32 00 7C 00 12 15 11 00 22 39 34 25 33 00 +       .SB "|BLOQUES GRABAR | 251 BYTES POR BLOQUE |"
    30 23F1 7C 22 39 34 25 33 00 2C 25 29 24 2F 33 00 00 00 7C 00 00 00 00 00 00 00 00 00 00 00 +       .SB "|BYTES LEIDOS   |              ******* |"
    31 2419 7C 22 2C 2F 31 35 25 33 00 00 00 00 00 00 00 00 7C 00 00 00 00 00 00 00 00 0A 0A 0A +       .SB "|BLOQUES        |        **** A GRABAR |"
    32 2441 7C 34 29 34 35 2C 2F 00 21 32 23 28 29 36 2F 00 7C 00 0A 0A 0A 0A 0A 0A 0A 0A 0A 0A +       .SB "|TITULO ARCHIVO | ******************** |"
    33 2469 7C 34 29 34 35 2C 2F 00 2F 30 23 29 2F 2E 21 2C 7C 00 0A 0A 0A 0A 0A 0A 0A 0A 0A 0A +       .SB "|TITULO OPCIONAL| ******************** |"
    34 2491 7C 26 35 25 2E 34 25 00 00 00 00 00 00 00 00 00 7C 00 0A 0A 0A 0A 0A 0A 0A 0A 0A 0A +       .SB "|FUENTE         | ******************** |"
    35 24B9 5A 52 52 52 52 52 52 52 52 52 52 52 52 52 52 52 58 52 52 52 52 52 52 52 52 52 52 52 +       .SB +32,"ZRRRRRRRRRRRRRRRXRRRRRRRRRRRRRRRRRRRRRRC"
    36 24E1												BANQUEOPRINCIPAL
    37 24E1 29 2E 29 23 29 2F 00 22 21 2E 31 35 25 2F 0A 0A 0A 0A 0A 0A 0A 0A 0A 0A 0A 0A 0A 0A +       .SB "INICIO BANQUEO**************************"
    38 2509 0A 0A 0A 0A 0A 0A 0A 0A 0A 0A 0A 0A 0A 0A 0A 0A 0A 0A 0A 0A 0A 0A 0A 0A 0A 0A 0A 0A +       .SB "****************************************"
    39 2531 0A 0A 0A 0A 0A 0A 0A 0A 0A 0A 0A 0A 0A 0A 0A 0A 0A 0A 0A 0A 0A 0A 0A 0A 0A 0A 0A 0A +       .SB "****************************************"
    40 2559 0A 0A 0A 0A 0A 0A 0A 0A 0A 0A 0A 0A 0A 0A 0A 0A 0A 0A 0A 0A 0A 0A 0A 0A 0A 0A 0A 0A +       .SB "****************************************"
    41 2581 0A 0A 0A 0A 0A 0A 0A 0A 0A 0A 0A 0A 0A 0A 0A 0A 0A 0A 0A 0A 0A 0A 0A 0A 0A 0A 0A 0A +       .SB "****************************************"
    42 25A9 0A 0A 0A 0A 0A 0A 0A 0A 0A 0A 0A 0A 0A 0A 0A 0A 0A 0A 0A 0A 0A 0A 0A 0A 0A 0A 0A 0A +       .SB "****************************************"
    43 25D1 0A 0A 0A 0A 0A 0A 0A 0A 0A 0A 0A 0A 0A 0A 0A 0A 0A 0A 0A 0A 0A 0A 0A 0A 0A 0A 0A 0A +       .SB "*****************************FIN BANQUEO"
    44 25F9												MENSAJESPRINCIPAL
    45 25F9 80 80 80 80 80 80 80 80 80 80 80 80 80 80 80 80 80 80 80 80 80 80 80 80 80 80 80 80 +       .SB +128,"                                        "   
    46 2621												AGREGOLOGO
    47 2621 A2 13											    LDX #19
    48 2623												AGREGOLOGO01
    49 2623 BD 6C 26										    LDA DATALOGO,X
    50 2626 9D 9D 22										    STA SHOWPRINCIPAL,X
    51 2629 CA											    DEX
    52 262A 10 F7											    BPL AGREGOLOGO01
    53 262C 60											    RTS
    54 262D												RESETER
    55 262D 20 21 26										    JSR AGREGOLOGO
    56 2630 60											    RTS
    57 												;************************************************
    58 												;DISPLAY DE INICIO DEL PROGRAMA Y FUNCIONALIDAD
    59 												;DIRECTA A TODAS SUS FUNCIONES
    60 												;************************************************
    61 2631												DOSPRINCIPAL
    62 2631 6C 0C 00											JMP ($0C)
    63 2634												@STARTPRINCIPAL
    64 2634 20 31 26											JSR DOSPRINCIPAL
    65 2637												STARTPRINCIPAL
    66 2637 20 2D 26										    JSR RESETER
    67 263A A2 7D											    LDX #<DLSPRINCIPAL
    68 263C A0 22											    LDY #>DLSPRINCIPAL
    69 263E 8E 30 02										    STX $230
    70 2641 8C 31 02										    STY $231
    71 2644 A9 60											    LDA #$60
    72 2646 8D C6 02										    STA 710
    73 2649 8D C8 02										    STA 712
    74
    75 264C 4C 4C 26										    JMP *
    76 264F												INICIOPRINCIPAL
    77 264F 20 00 20										    JSR ROMRAM
    78 2652 20 DE 20										    JSR MEM
    79 2655 A2 34											    LDX # <@STARTPRINCIPAL
    80 2657 A0 26											    LDY # >@STARTPRINCIPAL
    81 2659 A9 03											    LDA #$03
    82 265B 86 02											    STX $02
    83 265D 84 03											    STY $03
    84 265F 85 09												STA $09
    85 2661 A0 FF												LDY #$FF
    86 2663 84 08												STY $08
    87 2665 C8												INY   
    88 2666 8C 44 02											STY $0244
    89 2669 4C 37 26										    JMP STARTPRINCIPAL
    90 02E0-02E1> 4F 26										    RUN INICIOPRINCIPAL
    91 266C												DATALOGO
    92 266C-267F> 00 E4 EF E7 E4									    .BY $00,$E4,$EF,$E7,$E4
    93 2671 E1 F2 EB 00 00										    .BY $E1,$F2,$EB,$00,$00
    94 2676 73 6F 66 74 77										    .BY $73,$6F,$66,$74,$77
    95 267B 61 72 65 73 00										    .BY $61,$72,$65,$73,$00
