mads 2.0.6 build 58 (28 Jan 17)
Source: C:\Users\dogdark\eclipse-workspace\myatari\prisma\injektor\injedu\injedu.asm
     1 				;	OPT NO LIST
     2 				;
     3 				; GRABADOR SISTEMA injektor con irg
     4 				;
     5 				;
     6 = 28AD			@LEN =  LEN+2
     7 = 28AF			@LBAF = LEN+4
     8 = 28B0			PPILA = LEN+5
     9 = 00CB			PCRSR = $CB
    10 = 00CB			ORG =   PCRSR
    11 = 0058			SVMSC = $58
    12 = 0054			POSXY = $54
    13 = 4000			LENGHT = $4000
    14 = 4000			BAFER = $4000
    15 = 00D4			FR0 =   $D4
    16 = 00F2			CIX =   $F2
    17 = D800			AFP =   $D800
    18 = D9AA			IFP =   $D9AA
    19 = D9D2			FPI =   $D9D2
    20 = D8E6			FASC =  $D8E6
    21 = DA44			ZFR0 =  $DA44
    22 = DB28			FDIV =  $DB28
    23 = DADB			FMUL =  $DADB
    24 = DDB6			FMOVE = $DDB6
    25 = 00F3			INBUFF = $F3
    26 = 0580			LBUFF = $0580
    27 = 03E2			LLOAD = PAG7-LOAD
    28 = 00ED			LAUTO = PAG4-PAG7
    29 = 0001			BL4 =   LAUTO/128
    30 = 006D			LAST =  LAUTO-128*BL4
    31 = 0047			GENDAT = $47
    32 				;
    33 					org $2000
    34 					icl 'paginas/kem.asm'
Source: C:\Users\dogdark\eclipse-workspace\myatari\prisma\injektor\injedu\paginas\kem.asm
     1 				kkem
     2 FFFF> 2000-2F69> 78	    SEI
     3 2001 AD 0E D4		    LDA $D40E
     4 2004 48			    PHA
     5 2005 A9 00		    lda #$00
     6 2007 8D 0E D4		    sta $D40E
     7 200A A8			    tay
     8 200B			kloop
     9 200B B9 00 C0		    LDA $C000,Y
    10 200E CE 01 D3		    DEC $D301
    11 2011 99 00 C0		    STA $C000,Y
    12 2014 EE 01 D3		    INC $D301
    13 2017 C8			    INY
    14 2018 D0 F1		    BNE kloop
    15 201A EE 0D 20		    INC kloop+2
    16 201D EE 13 20		    inc kloop+8
    17 2020			kmove
    18 2020 AD 0D 20			lda kloop+2   
    19 2023 F0 0E		    BEQ @kexit
    20 2025 C9 D0		    CMP #$D0
    21 2027 D0 E2		    BNE kloop
    22 2029 A9 D8		    LDA #$D8
    23 202B 8D 0D 20		    STA kloop+2
    24 202E 8D 13 20		    sta kloop+8
    25 2031 D0 D8		    BNE kloop
    26 2033			@kexit
    27 2033 68			    PLA
    28 2034 8D 0E D4		    STA $D40E
    29 2037 58			    CLI
    30 2038 CE 01 D3		    dec $d301
    31 203B 60			    RTS
    35 203C				icl 'paginas/injektor.asm'
Source: C:\Users\dogdark\eclipse-workspace\myatari\prisma\injektor\injedu\paginas\injektor.asm
     1 203C A2 FF		PREINJ      ldx #$FF
     2 203E A9 60		            lda #$60
     3 2040 8F FC FD		            sax $FDFC
     4 2043 8F 44 02		            sax $0244
     5 2046 A4 62		            ldy $0062
     6 2048 A9 02		            lda #$02
     7 204A 99 15 EE		            sta $EE15,Y
     8 204D A9 48		            lda #$48
     9 204F 8F 89 00		            sax.w $0089
    10 2052 99 8F FE		            sta $FE8F,Y
    11 2055 A9 03		            lda #$03
    12 2057 8F 8A 00		            sax.w $008A
    13 205A 99 8D FE		            sta $FE8D,Y
    14 205D A9 34		            lda #$34
    15 205F 8F D7 FD		            sax $FDD7
    16 2062 A9 FF		            lda #$FF
    17 2064 8F 52 FE		            sax $FE52
    18 2067 A9 03		            lda #$03
    19 2069 8F 4D FE		            sax $FE4D
    20 206C A9 81		            lda #$81
    21 206E 8F 48 FE		            sax $FE48
    22 2071 A9 CC		            lda #$CC
    23 2073 8F A3 EB		            sax $EBA3
    24 2076 8F 41 FD		            sax $FD41
    25 2079 A9 05		            lda #$05
    26 207B 8F A8 EB		            sax $EBA8
    27 207E 8F 46 FD		            sax $FD46
    28 2081 A9 08		            lda #$08
    29 2083 8F 26 EC		            sax $EC26
    30 2086 4C 34 FD		            jmp $FD34
    31 2089 A2 FF		INJEKTOR    ldx #$FF
    32 208B A9 D9		            lda #$D9
    33 208D 8F A3 EB		            sax $EBA3
    34 2090 8F 41 FD		            sax $FD41
    35 2093 E8			            inx
    36 2094 8F A8 EB		            sax $EBA8
    37 2097 8F 46 FD		            sax $FD46
    38 209A 8F 26 EC		            sax $EC26
    39 209D A6 62		            ldx $0062
    40 209F A9 20		            lda #$20
    41 20A1 9D 8F FE		            sta $FE8F,X
    42 20A4 A9 01		            lda #$01
    43 20A6 9D 8D FE		            sta $FE8D,X
    44 20A9 4C 34 FD		            jmp $FD34
    36 20AC				icl 'load.asm'
Source: C:\Users\dogdark\eclipse-workspace\myatari\prisma\injektor\injedu\load.asm
     1 				//	icl "../base/sys_equates.m65"
     2 				//	org $1000
     3 20AC			LOAD	
     4 20AC				icl "paginas/PLOADER.ASM"
Source: C:\Users\dogdark\eclipse-workspace\myatari\prisma\injektor\injedu\paginas\PLOADER.ASM
     1 				;load_init =$CBFE
     2 = CC00			load_init =$CC00
     3 				;
     4 = 03CA			l_load = [.len loader]
     5
     6 20AC			.proc	loader,load_init
     7 = 0700			BAFER = $0700
     8 = 0800			BUFAUX = $0800
     9 = 0813			?RUTINA = BUFAUX+JUMP-RUTINA
    10 				;
    11 					;ORG $CC00
    12 CC00 55 55			.by $55,$55
    13 CC02 A0 00		    ldy #$00
    14 CC04 8C 44 02		    STY $0244
    15 CC07 C8			    INY
    16 CC08 84 09		    STY $09
    17 CC0A 20 79 CF		    JSR RECUPERO
    18 CC0D 4C DA CE		    JMP START
    19 CC10			?INICIO
    20 CC10 20 6D CE			JSR GBYTE
    21 CC13 8D 01 CF			STA MEMORY+1
    22 CC16 20 6D CE			JSR GBYTE
    23 CC19 8D 02 CF			STA MEMORY+2
    24 CC1C 2D 01 CF			AND MEMORY+1
    25 CC1F C9 FF			CMP #$FF
    26 CC21 F0 ED			BEQ ?INICIO
    27 CC23 60				RTS
    28 CC24			NBYTES
    29 CC24 FC			    .BY 252   ;$FC
    30 CC25			FLAGY
    31 CC25 00			    .BY 0
    32 CC26			FINISH
    33 CC26 00 00		    .BY 0,0
    34 CC28			LSIOV
    35 CC28 60 00 52 40		    .BY $60,$00,$52,$40
    36 CC2C 00 07		    .WO BAFER
    37 CC2E 23 00		    .BY $23,$00
    38 CC30 00 01		    .WO $0100
    39 CC32 00 80		    .BY $00,$80
    40 CC34			DLIST
    41 CC34 70 70 70 47		    .BY $70,$70,$70,$47
    42 CC38 53 CC		    .WO MENSAJE
    43 CC3A 70 02 70 02 70 70 +     .BY $70,$02,$70,$02,$70,$70,$F0,$F0
    44 CC42 F0 F0 F0 F0 70 70 +     .by $F0,$F0,$F0,$F0,$70,$70,$70,$70
    45 CC4A 70 46		    .by $70,$46
    46 CC4C			DLERR
    47 CC4C B7 CC		    .WO NAME
    48 CC4E 70 02 41		    .BY $70,$02,$41
    49 CC51 34 CC		    .WO DLIST
    50 CC53			MENSAJE
    51 CC53 00 00 00 00 00 00 +     .SB "       "
    52 CC5A F0 F2 E9 F3 ED E1	    .sb +128,"prisma"
    53 CC60 00 00		    .sb "  "
    54 CC62 00 00 00 00 00 00 +     .SB "           "
    55 CC6D 30 32 2F 27 32 21 +     .sb "PROGRAMAS "
    56 CC77 30 21 32 21 00 23 +     .sb "PARA COMPUTADORES   "
    57 CC8B 00 00 00 00 00 00 +     .sb "              LINEA "
    58 CC9F 21 34 21 32 29 00 +     .SB "ATARI INJEKTOR      "
    59 CCB3 00 00 00 00		    .SB "    "
    60 CCB7			NAME
    61 CCB7 00 00 00 00 00 00 +     .SB "                    "
    62 CCCB 00 00 00 00 00 23 +     .SB "     Cargara dentro "
    63 CCDF 64 65 00		    .sb "de "
    64 CCE2			CONTADOR
    65 CCE2 00 00 00 00 22 6C +     .SB "    Bloques.     "
    66 CCF3			MERROR
    67 CCF3 00 00 0D 00 00 25 +     .SB "  -  E R R O R  -   "
    68 CD07 00 32 65 74 72 6F +     .SB " Retroceda 3 vueltas"
    69 CD1B 00 79 00 70 72 65 +     .SB " y presione "
    70 CD27 80 B3 B4 A1 B2 B4 +     .sb +128," START "
    71 CD2E 00			    .sb " "
    72 CD2F			TIEMPO
    73 CD2F A9 40		    LDA #$40
    74 CD31 8D 0E D4		    STA $D40E
    75 CD34 A2 E4		    LDX #$E4
    76 CD36 A0 5F		    LDY #$5F
    77 CD38 A9 06		    LDA #$06
    78 CD3A 20 5C E4		    JSR $E45C
    79 CD3D 60			    RTS
    80 CD3E			LNEW
    81 CD3E A2 04		    LDX #$04
    82 CD40			XNEW
    83 CD40 BD C4 02		    LDA $02C4,X
    84 CD43 9D 6F CF		    STA PFIN+1,X
    85 CD46 CA			    DEX
    86 CD47 10 F7		    BPL XNEW
    87 CD49 AD 30 02		    LDA $0230
    88 CD4C 8D 74 CF		    STA PFIN+6
    89 CD4F AD 31 02		    LDA $0231
    90 CD52 8D 75 CF		    STA PFIN+7
    91 CD55 AD 2F 02		    LDA $022F
    92 CD58 8D 76 CF		    STA PFIN+8
    93 CD5B AD F4 02		    LDA $02F4
    94 CD5E 8D 77 CF		    STA PFIN+9
    95 CD61 AD F3 02		    LDA $02F3
    96 CD64 8D 78 CF		    STA PFIN+10
    97 CD67 60			    RTS
    98 CD68			NEWL
    99 CD68 A2 04		    LDX #$04
   100 CD6A			YNEW
   101 CD6A BD 6F CF		    LDA PFIN+1,X
   102 CD6D 9D C4 02		    STA $02C4,X
   103 CD70 CA			    DEX
   104 CD71 10 F7		    BPL YNEW
   105 CD73 AD 74 CF		    LDA PFIN+6
   106 CD76 8D 30 02		    STA $0230
   107 CD79 AD 75 CF		    LDA PFIN+7
   108 CD7C 8D 31 02		    STA $0231
   109 CD7F AD 76 CF		    LDA PFIN+8
   110 CD82 8D 2F 02		    STA $022F
   111 CD85 AD 77 CF		    LDA PFIN+9
   112 CD88 8D F4 02		    STA $02F4
   113 CD8B AD 78 CF		    LDA PFIN+10
   114 CD8E 8D F3 02		    STA $02F3
   115 CD91 60			    RTS
   116 CD92			NEWDL
   117 CD92 AD 0B D4			lda $d40b
   118 CD95 D0 FB			bne NEWDL
   119 CD97 8D 0A D4			sta $d40a
   120 CD9A A2 34		    LDX # <DLIST
   121 CD9C A9 CC		    LDA # >DLIST
   122 CD9E 8E 30 02		    STX $0230
   123 CDA1 8E 02 D4		    STX $D402
   124 CDA4 8D 31 02		    STA $0231
   125 CDA7 8D 03 D4		    STA $D403
   126 CDAA A9 22		    LDA #$22
   127 CDAC 8D 2F 02		    STA $022F
   128 CDAF 8D 00 D4		    STA $D400
   129 CDB2 A9 E0		    LDA #$E0
   130 CDB4 8D F4 02		    STA $02F4
   131 CDB7 8D 09 D4		    STA $D409
   132 CDBA A9 02		    LDA #$02
   133 CDBC 8D F3 02		    STA $02F3
   134 CDBF 8D 01 D4		    STA $D401
   135 CDC2 A2 04		    LDX #$04
   136 CDC4			COLORLOOP
   137 CDC4 BD 1F CE		    LDA TABLA,X
   138 CDC7 9D C4 02		    STA $02C4,X
   139 CDCA 9D 16 D0		    STA $D016,X
   140 CDCD CA			    DEX
   141 CDCE 10 F4		    BPL COLORLOOP
   142 CDD0 A9 B7		    lda #<NAME
   143 CDD2 A2 CC		    ldx #>NAME
   144 CDD4 8D 4C CC		    sta DLERR
   145 CDD7 8E 4D CC		    stx DLERR+1
   146 CDDA A2 CD		    LDX #>COLORDAT
   147 CDDC A0 F3		    LDY #<COLORDAT
   148 CDDE A9 06		    LDA #$06
   149 CDE0 20 5C E4		    JSR $E45C
   150 CDE3 A2 01		    LDX #<?COLORDAT
   151 CDE5 A0 CE		    LDY #>?COLORDAT
   152 CDE7 A9 C0		    LDA #$C0
   153 CDE9 8E 00 02		    STX $0200
   154 CDEC 8C 01 02		    STY $0201
   155 CDEF 8D 0E D4		    STA $D40E
   156 CDF2 60			    RTS
   157 CDF3			COLORDAT
   158 CDF3 A9 00		    LDA #$00
   159 CDF5 8D 17 CE		    STA NOSEPO
   160 CDF8 AD C6 02		    LDA $02C6
   161 CDFB 8D 1D CE		    STA NOSEPO2
   162 CDFE 4C 5F E4		    JMP $E45F
   163 CE01			?COLORDAT
   164 CE01 48			    PHA
   165 CE02 8A			    TXA
   166 CE03 48			    PHA
   167 CE04 AE 17 CE		    LDX NOSEPO
   168 CE07 BD 18 CE		    LDA NOSEPO1,X
   169 CE0A 8D 0A D4		    STA $D40A
   170 CE0D 8D 1A D0		    STA $D01A
   171 CE10 EE 17 CE		    INC NOSEPO
   172 CE13 68			    PLA
   173 CE14 AA			    TAX
   174 CE15 68			    PLA
   175 CE16 40			    RTI
   176 CE17			NOSEPO
   177 CE17 00			    .BY $00
   178 CE18			NOSEPO1
   179 CE18 52 72 B4 EA 32	    .BY $52,$72,$B4,$EA,$32
   180 CE1D			NOSEPO2
   181 CE1D FF FF		    .BY $FF,$FF
   182 CE1F			TABLA
   183 CE1F 28 CA 00 44 00	    .BY $28,$CA,$00,$44,$00
   184 CE24			ERROR
   185 CE24 A9 F3		    LDA #<MERROR
   186 CE26 A2 CC		    LDX #>MERROR
   187 CE28 8D 4C CC		    STA DLERR
   188 CE2B 8E 4D CC		    STX DLERR+1
   189 CE2E 60			    rts
   190 CE2F			VUELTA
   191 CE2F 8C 02 D3		    sty $d302
   192 CE32 18			    CLC
   193 CE33 65 14		    ADC $14
   194 CE35			SEARCH
   195 CE35 C5 14			CMP $14
   196 CE37 D0 FC			BNE SEARCH
   197 CE39 60				RTS
   198 CE3A			?SEARCH
   199 CE3A A0 34		    LDY #$34
   200 CE3C A9 1E		    LDA #$1E
   201 CE3E 20 2F CE		    JSR VUELTA
   202 CE41			SPEED
   203 CE41 A2 FE			LDX #$FE
   204 CE43 86 14			STX $14
   205 CE45			SIGUE
   206 CE45 AD 0F D2		    LDA $D20F
   207 CE48 29 10		    AND #$10
   208 CE4A F0 F5		    BEQ SPEED
   209 CE4C A6 14		    LDX $14
   210 CE4E D0 F5		    BNE SIGUE
   211 CE50 4C 92 CD		    JMP NEWDL
   212 CE53			BUSCA
   213 CE53 20 24 CE			JSR ERROR
   214 CE56 A9 3C			LDA #$3C
   215 CE58 8D 02 D3			STA $D302
   216 CE5B A9 FD		    LDA #$FD
   217 CE5D 20 B0 F2		    JSR $F2B0
   218 CE60			?BUSCA
   219 CE60 AD 1F D0			LDA $D01F
   220 CE63 C9 06			CMP #$06
   221 CE65 D0 F9			BNE ?BUSCA
   222 CE67 20 3A CE		    JSR ?SEARCH
   223 CE6A 4C 78 CE		    JMP GRAB
   224 CE6D			GBYTE
   225 CE6D CC 24 CC		    CPY NBYTES
   226 CE70 F0 06		    BEQ GRAB
   227 CE72 98			    TYA
   228 CE73 59 03 07		    EOR BAFER+3,Y
   229 CE76 C8			    INY
   230 CE77 60			    RTS
   231 CE78			GRAB
   232 CE78 AD 6E CF		    LDA PFIN
   233 CE7B F0 4A		    BEQ BYE
   234 CE7D 20 3E CD		    JSR LNEW
   235 CE80 20 92 CD		    JSR NEWDL
   236 CE83			?GRAB
   237 CE83 A2 0B		    LDX #$0B
   238 CE85			MSIO
   239 CE85 BD 28 CC		    LDA LSIOV,X
   240 CE88 9D 00 03		    STA $0300,X
   241 CE8B CA			    DEX
   242 CE8C 10 F7		    BPL MSIO
   243 CE8E 20 59 E4		    JSR $E459
   244 CE91 30 C0		    BMI BUSCA
   245 CE93 AD 02 07		    LDA BAFER+2
   246 CE96 CD 6E CF		    CMP PFIN
   247 CE99 90 B8		    BCC BUSCA
   248 CE9B F0 03		    BEQ RETURN
   249 CE9D 4C 83 CE		    JMP ?GRAB
   250 CEA0			RETURN
   251 CEA0 AD FF 07		    LDA BAFER+255
   252 CEA3 8D 24 CC		    STA NBYTES
   253 CEA6 A2 02		    LDX #$02
   254 CEA8			C01
   255 CEA8 BD E2 CC		    LDA CONTADOR,X
   256 CEAB C9 10		    CMP #$10
   257 CEAD D0 08		    BNE C02
   258 CEAF A9 19		    LDA #$19
   259 CEB1 9D E2 CC		    STA CONTADOR,X
   260 CEB4 CA			    DEX
   261 CEB5 10 F1		    BPL C01
   262 CEB7			C02
   263 CEB7 DE E2 CC		    DEC CONTADOR,X
   264 CEBA 20 68 CD		    JSR NEWL
   265 CEBD CE 6E CF		    DEC PFIN
   266 CEC0 A0 00		    LDY #$00
   267 CEC2 84 4D		    STY $4D
   268 CEC4 4C 6D CE		    JMP GBYTE
   269 CEC7			BYE
   270 CEC7 20 2F CD		    JSR TIEMPO
   271 CECA A9 E0		    LDA #$E0
   272 CECC A0 4C		    LDY #$4C
   273 CECE 8D 6C CF		    STA JUMP+1
   274 CED1 8C 62 CF		   	STY esrutina
   275 CED4 A2 00		    LDX #$00
   276 CED6 9A			    TXS
   277 CED7 4C 4A CF		    JMP RINIT
   278 CEDA			START
   279 CEDA AC 24 CC		    LDY NBYTES
   280 CEDD 20 10 CC		    JSR ?INICIO
   281 CEE0 AD 01 CF		    LDA MEMORY+1
   282 CEE3 AC 02 CF		    LDY MEMORY+2
   283 CEE6 8D E0 02		    STA $02E0
   284 CEE9 8C E1 02			STY $02E1
   285 CEEC A0 00			LDY #$00
   286 CEEE			LOOP
   287 CEEE 20 10 CC			JSR ?INICIO
   288 CEF1 20 6D CE		    JSR GBYTE
   289 CEF4 8D 26 CC		    STA FINISH
   290 CEF7 20 6D CE		    JSR GBYTE
   291 CEFA 8D 27 CC		    STA FINISH+1
   292 CEFD			MBTM
   293 CEFD 20 6D CE		    JSR GBYTE
   294 CF00			MEMORY
   295 CF00 8D FF FF		    STA $FFFF
   296 CF03 AD 01 CF		    LDA MEMORY+1
   297 CF06 CD 26 CC		    CMP FINISH
   298 CF09 D0 08		    BNE OK
   299 CF0B AD 02 CF		    LDA MEMORY+2
   300 CF0E CD 27 CC		    CMP FINISH+1
   301 CF11 F0 0B		    BEQ VERFIN
   302 CF13			OK
   303 CF13 EE 01 CF		    INC MEMORY+1
   304 CF16 D0 03		    BNE NIM
   305 CF18 EE 02 CF		    INC MEMORY+2
   306 CF1B			NIM
   307 CF1B 4C FD CE		    JMP MBTM
   308 CF1E			VERFIN
   309 CF1E AD E2 02		    LDA $02E2
   310 CF21 0D E3 02		    ORA $02E3
   311 CF24 F0 C8		    BEQ LOOP
   312 CF26 A2 F0		    LDX #$F0
   313 CF28 9A			    TXS
   314 CF29 8C 25 CC		    STY FLAGY
   315 CF2C 20 2F CD		    JSR TIEMPO
   316 CF2F 20 68 CD		    JSR NEWL
   317 CF32 20 4A CF		    JSR RINIT
   318 CF35 20 3E CD		    JSR LNEW
   319 CF38 20 3A CE		    JSR ?SEARCH
   320 CF3B AC 25 CC		    LDY FLAGY
   321 CF3E A2 00		    LDX #$00
   322 CF40 9A			    TXS
   323 CF41 8E E2 02		    STX $02E2
   324 CF44 8E E3 02		    STX $02E3
   325 CF47 4C EE CE		    JMP LOOP
   326 CF4A			RINIT
   327 CF4A A2 15		    LDX #PFIN-RUTINA-1
   328 CF4C			MVRUT
   329 CF4C BD 58 CF		    LDA RUTINA,X
   330 CF4F 9D 00 08		    STA BUFAUX,X
   331 CF52 CA			    DEX
   332 CF53 10 F7		    BPL MVRUT
   333 CF55 4C 00 08		    JMP BUFAUX
   334 CF58			RUTINA
   335 CF58 A9 3C		    LDA #$3C
   336 CF5A 8D 02 D3		    STA $D302
   337 CF5D A9 FF		    LDA #$FF
   338 CF5F 8D 01 D3		    STA $D301
   339 CF62			esrutina
   340 CF62 20 13 08			JSR BUFAUX+19
   341 CF65 A9 FE			LDA #$FE
   342 CF67 8D 01 D3			STA $D301
   343 CF6A 60			    RTS
   344 CF6B			JUMP
   345 CF6B 6C E2 02		    JMP ($02E2)
   346 CF6E			PFIN
   347 CF6E 00 00 00 00 00 00	    .BY $00,$00,$00,$00,$00,$00
   348 CF74 00 00 00 00 00	    .BY $00,$00,$00,$00,$00
   349 CF79			RECUPERO
   350 CF79 A2 12			LDX #$12
   351 CF7B A0 08			LDY #$08
   352 CF7D 86 0C			STX $0C
   353 CF7F 84 0D			STY $0D
   354 CF81 AE FC CF			LDX FINRECUPERO+50
   355 CF84 AC FD CF			LDY FINRECUPERO+51
   356 CF87 8E 30 02			STX $0230
   357 CF8A 8C 31 02			STY $0231
   358 CF8D 20 3E CD		    JSR LNEW
   359 CF90 20 92 CD		    JSR NEWDL
   360 CF93 A2 13		    LDX #$13
   361 CF95			RECUPERO2
   362 CF95 BD CA CF		    LDA FINRECUPERO,X
   363 CF98 9D B7 CC		    STA NAME,X
   364 CF9B CA			    DEX
   365 CF9C 10 F7		    BPL RECUPERO2
   366 CF9E A2 02		    LDX #$02
   367 CFA0			RECUPERO3
   368 CFA0 BD DE CF		    LDA FINRECUPERO+20,X
   369 CFA3 9D E2 CC		    STA CONTADOR,X
   370 CFA6 CA			    DEX
   371 CFA7 10 F7		    BPL RECUPERO3
   372 CFA9 A2 03		    LDX #$03
   373 CFAB AD E1 CF		    LDA FINRECUPERO+23
   374 CFAE 86 41		    STX $41
   375 CFB0 8D 6E CF		    STA PFIN
   376 CFB3 A0 7F		    LDY #$7F
   377 CFB5 A9 00		    LDA #$00
   378 CFB7			RECUPERO4
   379 CFB7 99 00 04		    STA $0400,Y
   380 CFBA 88			    DEY
   381 CFBB 10 FA		    BPL RECUPERO4
   382 CFBD A0 3C		    LDY #$3C
   383 CFBF A9 14		    LDA #$14
   384 CFC1 20 2F CE		    JSR VUELTA
   385 CFC4 20 3A CE		    JSR ?SEARCH
   386 CFC7 4C 68 CD		    JMP NEWL
   387 CFCA			FINRECUPERO
   388 				.endp
     5 2476			NME
     6 2476 2E 2E 2E 2E 2E 2E +     .BY '....................'
     7 248A			BLQ
     8 248A 2E 2E 2E		    .BYTE '...'
     9 248D			PFIN
    10 248D 00				.BY 0
    11 248E			PAG7
    12 248E				icl "paginas/p7.asm"	
Source: C:\Users\dogdark\eclipse-workspace\myatari\prisma\injektor\injedu\paginas\p7.asm
     1 				//	icl "../base/sys_equates.m65"
     2
     3
     4 = 00ED			l_pag7=[.len pagina7]
     5
     6 248E			.proc pagina7,$0700
     7 = B000			kem_buffer =$b000
     8 0700			INICIO
     9 0700 00				.by 0
    10 0701 02				.by [l_pag7+127]/128
    11 0702 00 07 EA 07			.wo INICIO,FIN7
    12 0706 20 36 07			jsr KEM7
    13 0709 AE 30 02			ldx $0230
    14 070C AC 31 02			ldy $0231
    15 070F 8E FC CF			stx $CFFC
    16 0712 8C FD CF			sty $CFFD
    17 0715 A2 B3			ldx #<DLS7
    18 0717 A0 07			ldy #>DLS7
    19 0719 A9 00			lda #$00
    20 071B 8E 30 02			stx $0230
    21 071E 8E 02 D4			stx $D402
    22 0721 8C 31 02			sty $0231
    23 0724 8C 03 D4			sty $d403
    24 0727 85 41			sta $41
    25 0729 20 68 07			jsr INJK7
    26 072C A2 90			ldx #$90
    27 072E A0 00			ldy #$00
    28 0730 20 DB 07			jsr PAUSA7
    29 0733 4C 00 04			jmp $0400
    30 0736			KEM7        
    31 0736 A2 C0			ldx #$C0
    32 0738 A0 00			ldy #$00
    33 073A 78				sei
    34 073B 8C 0E D4			sty $D40E
    35 073E 86 CC			stx $CC
    36 0740 84 CB			sty $CB
    37 0742			LOOP7       
    38 0742 B1 CB			lda ($CB),Y
    39 0744 CE 01 D3			dec $D301
    40 0747 91 CB			sta ($CB),Y
    41 0749 EE 01 D3			inc $D301
    42 074C C8				iny
    43 074D D0 F3			bne LOOP7
    44 074F E6 CC			inc $CC
    45 0751 F0 0C			beq EXIT7
    46 0753 A5 CC			lda $CC
    47 0755 C9 D0			cmp #$D0
    48 0757 D0 E9			bne LOOP7
    49 0759 A9 D8			lda #$D8
    50 075B 85 CC			sta $CC
    51 075D D0 E3			bne LOOP7
    52 075F			EXIT7       
    53 075F CE 01 D3			dec $D301
    54 0762 58				cli
    55 0763 38				sec
    56 0764 4E 0E D4			lsr $D40E
    57 0767 60				rts
    58 0768			INJK7       
    59 0768 A2 17			ldx #$17
    60 076A			?INJK7      
    61 076A BD 9B 07			lda FINAL7,X
    62 076D 9D 3D ED			sta $ED3D,X
    63 0770 CA				dex
    64 0771 10 F7			bpl ?INJK7
    65 0773 A9 12			lda #$12
    66 0775 8D E2 EB			sta $EBE2
    67 0778 A9 60			lda #$60
    68 077A 8D FC FD			sta $FDFC
    69 077D A9 04			lda #$04
    70 077F 85 2A			sta $2A
    71 0781 A9 80			lda #$80
    72 0783 85 2B			sta $2B
    73 0785 A9 0C			lda #$0C
    74 0787 8D FC 02			sta $02FC
    75 078A A6 62			ldx $62
    76 078C A9 01			lda #$01
    77 078E 9D 93 FE			sta $FE93,X
    78 0791 A9 00			lda #$00
    79 0793 9D 91 FE			sta $FE91,X
    80 0796 A2 10			ldx #$10
    81 0798 4C E6 FC			jmp $FCE6
    82 079B			FINAL7      
    83 079B 8F 06 D2 8F 31 00		.by $8F,$06,$D2,$8F,$31,$00
    84 07A1 8F 0F D2 18 EB 27		.by $8F,$0F,$D2,$18,$EB,$27
    85 07A7 AA 8F 04 D2 AF 32		.by $AA,$8F,$04,$D2,$AF,$32
    86 07AD 02 8F 0F D2 18 60		.by $02,$8F,$0F,$D2,$18,$60
    87 07B3			DLS7        
    88 07B3 70 70 70 70 70 70		.by $70,$70,$70,$70,$70,$70
    89 07B9 70 70 70 70 70 70		.by $70,$70,$70,$70,$70,$70
    90 07BF 70 70 47			.by $70,$70,$47
    91 07C2 C7 07			.wo $07C7
    92 07C4 41				.by $41
    93 07C5 B3 07			.wo $07B3
    94 07C7			SHOW7       
    95 07C7 0D 00 26 21 33 34 + 	.sb '- FAST-LOAD PRISMA -'
    96 07DB			PAUSA7      
    97 07DB 8E 1C 02			stx $021C
    98 07DE 8C 1D 02			sty $021D
    99 07E1			?PAUSA7     
   100 07E1 AD 1C 02			lda $021C
   101 07E4 0D 1D 02			ora $021D
   102 07E7 D0 F8			bne ?PAUSA7
   103 07E9 60				rts
   104 07EA			FIN7        
   105 07EA 6C 04 03			jmp ($0304)
   106 				.endp
    13 257B			PAG4
    14 257B				icl "paginas/p4.asm"
Source: C:\Users\dogdark\eclipse-workspace\myatari\prisma\injektor\injedu\paginas\p4.asm
     1 				//	icl "../base/sys_equates.m65"
     2
     3 				;
     4 = 03FD			pagina4_init=$03FD
     5 				//	org pagina4_init
     6 257B			.proc pagina4, pagina4_init
     7 = 0047			GENDAT = $47
     8 03FD 55 55 FE			.BYTE $55,$55,$FE
     9 0400			INICIO
    10 0400 AD 01 D3			lda $D301
    11 0403 29 02			and #$02
    12 0405 F0 12			beq ERROR4
    13 0407 A2 0B			ldx #$0B
    14 0409			MOVE4
    15 0409 BD 53 04			lda SIOV4,X
    16 040C 9D 00 03			sta $0300,X
    17 040F CA				dex
    18 0410 10 F7			bpl MOVE4
    19 0412 20 59 E4			jsr $E459
    20 0415 30 02			bmi ERROR4
    21 0417 18				clc
    22 0418 60				rts
    23 0419			ERROR4      
    24 0419 AE FC CF			ldx $CFFC
    25 041C AC FD CF			ldy $CFFD
    26 041F 8E 30 02			stx $0230
    27 0422 8C 31 02			sty $0231
    28 0425 A0 00			ldy #$00
    29 0427			LER4        
    30 0427 B9 38 04			lda TABLA4,Y
    31 042A 91 58			sta ($58),Y
    32 042C C8				iny
    33 042D C0 1B			cpy #$1B
    34 042F D0 F6			bne LER4
    35 0431 A9 3C			lda #$3C
    36 0433 8D 02 D3			sta $D302
    37 0436			LOOP4       
    38 0436 D0 FE			bne LOOP4
    39 0438			TABLA4      
    40 0438 A5 B2 B2 AF B2		.sb +128,'ERROR'
    41 043D 80 81 81 81 00 23 + 	.SB ' ˇˇˇ CA'
    42 0444 32 27 35 25 00 2E		.sb 'RGUE N'
    43 044A 35 25 36 21 2D 25		.sb 'UEVAME'
    44 0450 2E 34 25			.sb 'NTE'
    45 0453			SIOV4       
    46 0453 60 00 52 40			.by $60,$00,$52,$40
    47 0457 00 CC			.wo $CC00
    48 0459 23 00			.by $23,$00
    49 045B E2 03			.wo $03e2		;.wo l_load
    50 045D 00 80			.by $00,$80
    51 045F			FIN
    52 				.endp
    37 25DD			DLS
    38 25DD 70 70 70 46		    .BYTE $70,$70,$70,$46
    39 25E1 15 26		    .WORD SHOW
    40 25E3 70 70 02 70 70 02 + 	.BYTE $70,$70,$02,$70,$70,$02,$02,$70
    41 25EB 70 70 06 70 70 70 +     .BYTE $70,$70,$06,$70,$70,$70,$02,$70
    42 25F3 70 70 70 70 70 70 +     .BYTE $70,$70,$70,$70,$70,$70,$02,$41
    43 25FB DD 25		    .WORD DLS
    44 				; -------------------------
    45 				; DEFINICION DEL DISPLAY
    46 				; PARA DIRECTORIO
    47 				; -------------------------
    48 25FD			?DIR
    49 25FD 70 70 70		    .by $70,$70,$70
    50 2600 70 70 70 70 70 46	    .by $70,$70,$70,$70,$70,$46
    51 2606 05 27		    .WORD ???DIR
    52 2608 70 02 02 02 02 02 +     .BYTE $70,$02,$02,$02,$02,$02,$02,$02
    53 2610 02 02 41		    .BYTE $02,$02,$41
    54 2613 FD 25		    .WORD ?DIR
    55 2615			SHOW
    56 2615 2E 28 30 00 29 2E +     .SB "NHP INJEKTOR VER 6.1"
    57 2629 80 B4 A8 A5 80 AC +     .SB +128," THE LEECH  &  PARCH"
    58 263D A5 80 AE A5 A7 B2 +     .sb +128,"E NEGRO  CHILE 1991 "
    59 2651 52 52 52 52 52 52 +     .SB +32,"RRRRRRRRRRRRRRRR"
    60 2661 91			    .SB +128,"1"
    61 2662 12			    .SB "2"
    62 2663 93			    .SB +128,"3"
    63 2664 14			    .SB "4"
    64 2665 95			    .SB +128,"5"
    65 2666 16			    .SB "6"
    66 2667 97			    .SB +128,"7"
    67 2668 18			    .SB "8"
    68 2669 99			    .SB +128,"9"
    69 266A 10			    .SB "0"
    70 266B 91			    .SB +128,"1"
    71 266C 12			    .SB "2"
    72 266D 93			    .SB +128,"3"
    73 266E 14			    .SB "4"
    74 266F 95			    .SB +128,"5"
    75 2670 16			    .SB "6"
    76 2671 97			    .SB +128,"7"
    77 2672 18			    .SB "8"
    78 2673 99			    .SB +128,"9"
    79 2674 10			    .SB "0"
    80 2675 52 52 52 52		    .SB +32,"RRRR"
    81 2679 AE AF AD A2 B2 A5 +     .SB +128,"NOMBRE CARATULA:"
    82 2689			CRSR
    83 2689 3F 00 00 00 00 00 +     .SB "_                   "
    84 269D 00 00 00 00		    .SB "    "
    85 26A1			NAME
    86 26A1 00 00 00 00 00 00 +     .SB "                    "
    87 26B5 A6 A9 AC A5 9A	    .SB +128,"FILE:"
    88 26BA			FILE
    89 26BA 3F 00 00 00 00 00 +     .SB "_                   "
    90 26CE 00 00 00 00 00 00 +     .SB "               "
    91 26DD A2 B9 B4 A5 B3	    .SB +128,"BYTES"
    92 26E2 80 AC A5 A9 A4 AF +     .SB +128," LEIDOS:"
    93 26EA 00			    .SB " "
    94 26EB			BYTES
    95 26EB 0A 0A 0A 0A 0A 00 +     .SB "*****        "
    96 26F8 A2 AC AF B1 B5 A5 +     .SB +128,"BLOQUES:"
    97 2700 00			    .SB " "
    98 2701			BLOQUES
    99 2701 0A 0A 0A 00		    .SB "*** "
   100 2705			???DIR
   101 2705 00 00 00 00 00 24 +     .SB "     DIRECTORIO     "
   102 2719			??DIR
   103 2719 00 00 00 00 00 00 + 	.SB "                                        "
   104 2741 00 00 00 00 00 00 + 	.SB "                                        "
   105 2769 00 00 00 00 00 00 + 	.SB "                                        "
   106 2791 00 00 00 00 00 00 + 	.SB "                                        "
   107 27B9 00 00 00 00 00 00 + 	.SB "                                        "
   108 27E1 00 00 00 00 00 00 + 	.SB "                                        "
   109 2809 00 00 00 00 00 00 + 	.SB "                                        "
   110 2831 00 00 00 00 00 00 + 	.SB "                                        "
   111 2859 00 00 00 00 00 00 + 	.SB "                                        "
   112 2881 00 00 00 00 00 00 + 	.SB "                                        "
   113 28A9			RY
   114 28A9 00 00			.BYTE 0,0
   115 28AB			LEN
   116 28AB 00 00		    .BYTE 0,0
   117 28AD			CONT
   118 28AD 00 00		    .BYTE 0,0
   119 28AF			STARTF
   120 28AF 00 00		    .BYTE 0,0
   121 28B1			FINISH
   122 28B1 00 00		    .BYTE 0,0
   123 28B3			@BL4
   124 28B3 00			    .BYTE 0
   125 28B4			?FILE
   126 28B4 44 3A		    .BYTE 'D:'
   127 28B6			??FILE
   128 28B6 20 20 20 20 20 20 +     .BYTE '                    '
   129 28CA			BBLQS
   130 28CA 30 30 30 9B		    .by '000',$9B
   131 28CE			ALL
   132 28CE 44 3A 2A 2E 2A 9B	    .BYTE 'D:*.*',$9B
   133 28D4			DNHP
   134 28D4 60 00 50 80		    .BYTE $60,$00,$50,$80
   135 28D8 19 27		    .WORD ??DIR
   136 28DA 35 00 00 01 00 80	    .BYTE $35,$00,$00,$01,$00,$80
   137 28E0			BAKBYT
   138 28E0 10 10 10 10 10	    .SB "00000"
   139 28E5			BAKBLQ
   140 28E5 10 10 10		    .SB "000"
   141 28E8			TON
   142 28E8 2F 2E 00			.SB "ON "
   143 28EB			RESTORE
   144 28EB A0 13		    LDY #$13
   145 28ED			?RESTORE
   146 28ED A9 20		    LDA #$20
   147 28EF 99 B6 28		    STA ??FILE,Y
   148 28F2 A9 00		    LDA #$00
   149 28F4 99 A1 26		    STA NAME,Y
   150 28F7 99 BA 26		    STA FILE,Y
   151 28FA 88				DEY
   152 28FB 10 F0		    BPL ?RESTORE
   153 28FD A0 17		    LDY #$17
   154 28FF			??RESTORE
   155 28FF A9 00		    LDA #$00
   156 2901 99 89 26		    STA CRSR,Y
   157 2904 88			    DEY
   158 2905 10 F8		    BPL ??RESTORE
   159 2907 A0 22		    LDY #$22
   160 2909			???RESTORE
   161 2909 A9 00		    LDA #$00
   162 290B 99 BA 26		    STA FILE,Y
   163 290E 88			    DEY
   164 290F 10 F8		    BPL ???RESTORE
   165 2911 A9 3F		    LDA #$3F
   166 2913 8D 89 26		    STA CRSR
   167 2916 8D BA 26		    STA FILE
   168 2919 A9 10		    LDA #$10
   169 291B A0 04		    LDY #$04
   170 291D			RESNUM
   171 291D 99 EB 26		    STA BYTES,Y
   172 2920 88			    DEY
   173 2921 10 FA		    BPL RESNUM
   174 2923 8D 01 27		    STA BLOQUES
   175 2926 8D 02 27		    STA BLOQUES+1
   176 2929 8D 03 27		    STA BLOQUES+2
   177 292C A9 FF		    LDA #$FF
   178 292E 8D 01 D3		    STA $D301
   179 2931 60			    RTS
   180 2932			ASCINT
   181 2932 C9 20		    CMP #$20
   182 2934 90 12		    BCC ADD64
   183 2936 C9 60		    CMP #$60
   184 2938 90 13		    BCC SUB32
   185 293A C9 80		    CMP #$80
   186 293C 90 12		    BCC REMAIN
   187 293E C9 A0		    CMP #$A0
   188 2940 90 06		    BCC ADD64
   189 2942 C9 E0		    CMP #$E0
   190 2944 90 07		    BCC SUB32
   191 2946 B0 08		    BCS REMAIN
   192 2948			ADD64
   193 2948 18			    CLC
   194 2949 69 40		    ADC #$40
   195 294B 90 03		    BCC REMAIN
   196 294D			SUB32
   197 294D 38			    SEC
   198 294E E9 20		    SBC #$20
   199 2950			REMAIN
   200 2950 60			    RTS
   201 2951			CLS
   202 2951 A2 19		    LDX # <??DIR
   203 2953 A0 27		    LDY # >??DIR
   204 2955 86 CB		    STX PCRSR
   205 2957 84 CC		    STY PCRSR+1
   206 2959 A0 00		    LDY #$00
   207 295B A2 00		    LDX #$00
   208 295D			?CLS
   209 295D A9 00		    LDA #$00
   210 295F 91 CB		    STA (PCRSR),Y
   211 2961 C8			    INY
   212 2962 D0 03		    BNE ??CLS
   213 2964 E8			    INX
   214 2965 E6 CC		    INC PCRSR+1
   215 2967			??CLS
   216 2967 C0 68		    CPY #$68	;$68
   217 2969 D0 F2		    BNE ?CLS
   218 296B E0 01		    CPX #$01
   219 296D D0 EE		    BNE ?CLS
   220 296F 60			    RTS
   221 2970			OPEN
   222 2970 A2 10		    LDX #$10
   223 2972 A9 03		    LDA #$03
   224 2974 9D 42 03		    STA $0342,X
   225 2977 A9 B4		    LDA # <?FILE
   226 2979 9D 44 03		    STA $0344,X
   227 297C A9 28		    LDA # >?FILE
   228 297E 9D 45 03		    STA $0345,X
   229 2981 A9 04		    LDA #$04
   230 2983 9D 4A 03		    STA $034A,X
   231 2986 A9 80		    LDA #$80
   232 2988 9D 4B 03		    STA $034B,X
   233 298B 20 56 E4		    JSR $E456
   234 298E 88			    DEY
   235 298F D0 0B		    BNE DIR
   236 2991 60			    RTS
   237 2992			CLOSE
   238 2992 A2 10		    LDX #$10
   239 2994 A9 0C		    LDA #$0C
   240 2996 9D 42 03		    STA $0342,X
   241 2999 4C 56 E4		    JMP $E456
   242 299C			DIR
   243 299C 20 92 29		    JSR CLOSE
   244 299F 20 51 29		    JSR CLS
   245 29A2 A2 FD		    LDX # <?DIR
   246 29A4 A0 25		    LDY # >?DIR
   247 29A6 8E 30 02		    STX $0230
   248 29A9 8C 31 02		    STY $0231
   249 29AC A2 19		    LDX # <??DIR
   250 29AE A0 27		    LDY # >??DIR
   251 29B0 86 CB		    STX PCRSR
   252 29B2 84 CC		    STY PCRSR+1
   253 29B4 A2 10		    LDX #$10
   254 29B6 A9 03		    LDA #$03
   255 29B8 9D 42 03		    STA $0342,X
   256 29BB A9 CE		    LDA # <ALL
   257 29BD 9D 44 03		    STA $0344,X
   258 29C0 A9 28		    LDA # >ALL
   259 29C2 9D 45 03		    STA $0345,X
   260 29C5 A9 06		    LDA #$06
   261 29C7 9D 4A 03		    STA $034A,X
   262 29CA A9 00		    LDA #$00
   263 29CC 9D 4B 03		    STA $034B,X
   264 29CF 20 56 E4		    JSR $E456
   265 29D2 A9 07		    LDA #$07
   266 29D4 9D 42 03		    STA $0342,X
   267 29D7 A9 00		    LDA #$00
   268 29D9 9D 48 03		    STA $0348,X
   269 29DC 9D 49 03		    STA $0349,X
   270 29DF 8D A9 28		    STA RY
   271 29E2 8D AA 28		    STA RY+1
   272 29E5			LEDIR
   273 29E5 20 56 E4		    JSR $E456
   274 29E8 30 39		    BMI ?EXIT
   275 29EA C9 9B		    CMP #$9b
   276 29EC F0 29		    BEQ EXIT
   277 29EE 20 32 29		    JSR ASCINT
   278 29F1 AC A9 28		    LDY RY
   279 29F4 91 CB		    STA (PCRSR),Y
   280 29F6 EE A9 28		    INC RY
   281 29F9 D0 05		    BNE F0
   282 29FB E6 CC		    INC PCRSR+1
   283 29FD EE AA 28		    INC RY+1
   284 2A00			F0
   285 2A00 AC AA 28		    LDY RY+1
   286 2A03 C0 01		    CPY #$01
   287 2A05 D0 0D		    BNE F1
   288 2A07 AC A9 28		    LDY RY
   289 2A0A C0 68		    CPY #$68	;$68
   290 2A0C 90 06		    BCC F1
   291 2A0E 20 31 2A		    JSR PAUSE
   292 2A11 EE A9 28		    INC RY
   293 2A14			F1
   294 2A14 4C E5 29		    JMP LEDIR
   295 2A17			EXIT
   296 2A17 EE A9 28		    INC RY
   297 2A1A EE A9 28		    INC RY
   298 2A1D EE A9 28		    INC RY
   299 2A20 4C E5 29		    JMP LEDIR
   300 2A23			?EXIT
   301 2A23 20 92 29		    JSR CLOSE
   302 2A26 20 31 2A		    JSR PAUSE
   303 2A29 20 51 29		    JSR CLS
   304 2A2C 68			    PLA
   305 2A2D 68			    PLA
   306 2A2E 4C 93 2E		    JMP START
   307 2A31			PAUSE
   308 2A31 AD 1F D0		    LDA $d01f
   309 2A34 C9 06		    CMP #$06
   310 2A36 D0 F9		    BNE PAUSE
   311 2A38 20 51 29		    JSR CLS
   312 2A3B A9 00		    LDA #$00
   313 2A3D 8D A9 28		    STA RY
   314 2A40 8D AA 28		    STA RY+1
   315 2A43 A9 19		    LDA # <??DIR
   316 2A45 85 CB		    STA PCRSR
   317 2A47 A9 27		    LDA # >??DIR
   318 2A49 85 CC		    STA PCRSR+1
   319 2A4B A2 10		    LDX #$10
   320 2A4D 60			    RTS
   321 2A4E			FLSH
   322 2A4E AC A9 28		    LDY RY
   323 2A51 B1 CB		    LDA (PCRSR),Y
   324 2A53 49 3F		    EOR #$3f
   325 2A55 91 CB		    STA (PCRSR),Y
   326 2A57 A9 10		    LDA #$10
   327 2A59 8D 1A 02		    STA $021A
   328 2A5C 60			    RTS
   329 2A5D			OPENK
   330 2A5D A9 FF		    LDA #$ff
   331 2A5F 8D FC 02		    STA $02fc
   332 2A62 A2 10		    LDX #$10
   333 2A64 A9 03		    LDA #$03
   334 2A66 9D 42 03		    STA $0342,X
   335 2A69 9D 45 03		    STA $0345,X
   336 2A6C A9 26		    LDA #$26
   337 2A6E 9D 44 03		    STA $0344,X
   338 2A71 A9 04		    LDA #$04
   339 2A73 9D 4A 03		    STA $034A,X
   340 2A76 20 56 E4		    JSR $E456
   341 2A79 A9 07		    LDA #$07
   342 2A7B 9D 42 03		    STA $0342,X
   343 2A7E A9 00		    LDA #$00
   344 2A80 9D 48 03		    STA $0348,X
   345 2A83 9D 49 03		    STA $0349,X
   346 2A86 8D A9 28		    STA RY
   347 2A89 60			    RTS
   348 2A8A			RUTLEE
   349 2A8A A2 4E		    LDX # <FLSH
   350 2A8C A0 2A		    LDY # >FLSH
   351 2A8E A9 10		    LDA #$10
   352 2A90 8E 28 02		    STX $0228
   353 2A93 8C 29 02		    STY $0229
   354 2A96 8D 1A 02		    STA $021A
   355 2A99 20 5D 2A		    JSR OPENK
   356 2A9C			GETEC
   357 2A9C 20 56 E4		    JSR $E456
   358 2A9F C9 7E		    CMP #$7E
   359 2AA1 D0 14		    BNE C0
   360 2AA3 AC A9 28		    LDY RY
   361 2AA6 F0 F4		    BEQ GETEC
   362 2AA8 A9 00		    LDA #$00
   363 2AAA 91 CB		    STA (PCRSR),Y
   364 2AAC A9 3F		    LDA #$3f		;$3F
   365 2AAE 88			    DEY
   366 2AAF 91 CB		    STA (PCRSR),Y
   367 2AB1 CE A9 28		    DEC RY
   368 2AB4 4C 9C 2A		    JMP GETEC
   369 2AB7			C0
   370 2AB7 C9 9B		    CMP #$9b	;$9B
   371 2AB9 F0 12		    BEQ C2
   372 2ABB 20 32 29		    JSR ASCINT
   373 2ABE AC A9 28		    LDY RY
   374 2AC1 91 CB		    STA (PCRSR),Y
   375 2AC3 C0 14		    CPY #$14		;#14
   376 2AC5 F0 03		    BEQ C1
   377 2AC7 EE A9 28		    INC RY
   378 2ACA			C1
   379 2ACA 4C 9C 2A		    JMP GETEC
   380 2ACD			C2
   381 2ACD 20 92 29		    JSR CLOSE
   382 2AD0 A9 00		    LDA #$00
   383 2AD2 8D 1A 02		    STA $021A
   384 2AD5 AC A9 28		    LDY RY
   385 2AD8 91 CB		    STA (PCRSR),Y
   386 2ADA 60			    RTS
   387 2ADB			FGET
   388 2ADB A9 DF		    LDA #$DF
   389 2ADD 8D 01 D3		    STA $D301
   390 2AE0 A9 00		    LDA #$00
   391 2AE2 8D AB 28		    STA LEN
   392 2AE5 8D AC 28		    STA LEN+1
   393 2AE8			LOPFGET
   394 2AE8 A2 10		    LDX #$10
   395 2AEA A9 07		    LDA #$07
   396 2AEC 9D 42 03		    STA $0342,X
   397 2AEF A9 00		    LDA # <BAFER
   398 2AF1 9D 44 03		    STA $0344,X
   399 2AF4 A9 40		    LDA # >BAFER
   400 2AF6 9D 45 03		    STA $0345,X
   401 2AF9 A9 00		    LDA # <LENGHT
   402 2AFB 9D 48 03		    STA $0348,X
   403 2AFE A9 40		    LDA # >LENGHT
   404 2B00 9D 49 03		    STA $0349,X
   405 2B03			??FGET
   406 2B03 20 56 E4		    JSR $E456
   407 2B06 18			    CLC
   408 2B07 AD AB 28		    LDA LEN
   409 2B0A 7D 48 03		    ADC $0348,X
   410 2B0D 8D AB 28		    STA LEN
   411 2B10 AD AC 28		    LDA LEN+1
   412 2B13 7D 49 03		    ADC $0349,X
   413 2B16 8D AC 28		    STA LEN+1
   414 2B19 18			    CLC
   415 2B1A AD 01 D3		    LDA $D301
   416 2B1D 69 04		    ADC #$04
   417 2B1F 8D 01 D3		    STA $D301
   418 2B22 BD 49 03		    LDA $0349,X
   419 2B25 C9 40		    CMP # >LENGHT
   420 2B27 F0 BF		    BEQ LOPFGET
   421 2B29 C0 88		    CPY #$88	;$88
   422 2B2B F0 0C		    BEQ ?FGET
   423 2B2D 20 92 29		    JSR CLOSE
   424 2B30 20 51 29		    JSR CLS
   425 2B33 A2 00		    LDX #$00
   426 2B35 9A			    TXS
   427 2B36 4C 93 2E		    JMP START
   428 2B39			?FGET
   429 2B39 20 44 DA		    JSR ZFR0
   430 2B3C A9 FC		    LDA #$fc	;$FC
   431 2B3E 85 D4		    STA FR0
   432 2B40 20 AA D9		    JSR IFP
   433 2B43 20 B6 DD		    JSR FMOVE
   434 2B46 AD AB 28		    LDA LEN
   435 2B49 85 D4		    STA FR0
   436 2B4B AD AC 28		    LDA LEN+1
   437 2B4E 85 D5		    STA FR0+1
   438 2B50 20 AA D9		    JSR IFP
   439 2B53 20 8E 2B		    JSR PONBYTES
   440 2B56 20 28 DB		    JSR FDIV
   441 2B59 20 A6 2B		    JSR PONBLOQUES
   442 2B5C 20 D2 D9		    JSR FPI
   443 2B5F A5 D4		    LDA FR0
   444 2B61 48			    PHA
   445 2B62 C6 D4		    DEC FR0
   446 2B64 20 AA D9		    JSR IFP
   447 2B67 20 B6 DD		    JSR FMOVE
   448 2B6A A9 FC		    LDA #$fc	;$FC
   449 2B6C 85 D4		    STA FR0
   450 2B6E A9 00		    LDA #$00
   451 2B70 85 D5		    STA FR0+1
   452 2B72 20 AA D9		    JSR IFP
   453 2B75 20 DB DA		    JSR FMUL
   454 2B78 20 D2 D9		    JSR FPI
   455 2B7B 38			    SEC
   456 2B7C AD AB 28		    LDA LEN
   457 2B7F E5 D4		    SBC FR0
   458 2B81 8D AE 28		    STA CONT+1
   459 2B84 EE AE 28		    INC CONT+1
   460 2B87 68			    PLA
   461 2B88 8D AD 28		    STA CONT
   462 2B8B A2 10		    LDX #$10
   463 2B8D 60			    RTS
   464 2B8E			PONBYTES
   465 2B8E 20 00 2C		    JSR NBYTES
   466 2B91 8C A9 28		    STY RY
   467 2B94 A0 04		    LDY #$04
   468 2B96			?PONBYTES
   469 2B96 BD 80 05		    LDA LBUFF,X
   470 2B99 29 5F		    AND #$5F
   471 2B9B 99 EB 26		    STA BYTES,Y
   472 2B9E 88			    DEY
   473 2B9F CA			    DEX
   474 2BA0 CE A9 28		    DEC RY
   475 2BA3 10 F1		    BPL ?PONBYTES
   476 2BA5 60			    RTS
   477 2BA6			PONBLOQUES
   478 2BA6 20 00 2C		    JSR NBYTES
   479 2BA9 8C A9 28		    STY RY
   480 2BAC A0 02		    LDY #$02
   481 2BAE			?PONBLOQUES
   482 2BAE BD 80 05		    LDA LBUFF,X
   483 2BB1 29 5F		    AND #$5F
   484 2BB3 99 01 27		    STA BLOQUES,Y
   485 2BB6 88			    DEY
   486 2BB7 CA			    DEX
   487 2BB8 CE A9 28		    DEC RY
   488 2BBB 10 F1		    BPL ?PONBLOQUES
   489 2BBD AD 03 27		    LDA BLOQUES+2
   490 2BC0 C9 19		    CMP #$19
   491 2BC2 F0 1F		    BEQ ??PP0
   492 2BC4 EE 03 27		    INC BLOQUES+2
   493 2BC7			PP0
   494 2BC7 A0 02		    LDY #$02
   495 2BC9			MVBLQ
   496 2BC9 B9 01 27		    LDA BLOQUES,Y
   497 2BCC 09 20		    ORA #$20
   498 2BCE 99 CA 28		    STA BBLQS,Y
   499 2BD1 88			    DEY
   500 2BD2 10 F5		    BPL MVBLQ
   501 2BD4 A2 CA		    LDX # <BBLQS
   502 2BD6 A0 28		    LDY # >BBLQS
   503 2BD8 A9 00		    LDA #$00
   504 2BDA 86 F3		    STX INBUFF
   505 2BDC 84 F4		    STY INBUFF+1
   506 2BDE 85 F2		    STA CIX
   507 2BE0 4C 00 D8		    JMP AFP
   508 2BE3			??PP0
   509 2BE3 A9 10		    LDA #$10
   510 2BE5 8D 03 27		    STA BLOQUES+2
   511 2BE8 AD 02 27		    LDA BLOQUES+1
   512 2BEB C9 19		    CMP #$19
   513 2BED F0 06		    BEQ ???PP0
   514 2BEF EE 02 27		    INC BLOQUES+1
   515 2BF2 4C C7 2B		    JMP PP0
   516 2BF5			???PP0
   517 2BF5 A9 10		    LDA #$10
   518 2BF7 8D 02 27		    STA BLOQUES+1
   519 2BFA EE 01 27		    INC BLOQUES
   520 2BFD 4C C7 2B		    JMP PP0
   521 2C00			NBYTES
   522 2C00 20 E6 D8		    JSR FASC
   523 2C03 A2 00		    LDX #$00
   524 2C05 A0 00		    LDY #$00
   525 2C07 AD 80 05		    LDA LBUFF
   526 2C0A C9 30		    CMP #$30	;'0
   527 2C0C D0 01		    BNE PL0
   528 2C0E E8			    INX
   529 2C0F			PL0
   530 2C0F BD 80 05		    LDA LBUFF,X
   531 2C12 C9 80		    CMP #$80
   532 2C14 B0 09		    BCS PL1
   533 2C16 C9 2E		    CMP #$2E		;'.
   534 2C18 F0 06		    BEQ PL2
   535 2C1A E8			    INX
   536 2C1B C8			    INY
   537 2C1C 4C 0F 2C		    JMP PL0
   538 2C1F			PL1
   539 2C1F 60			    RTS
   540 2C20			PL2
   541 2C20 CA				DEX
   542 2C21 BD 80 05		    LDA LBUFF,X
   543 2C24 09 80		    ORA #$80
   544 2C26 9D 80 05		    STA LBUFF,X
   545 2C29 88			    DEY
   546 2C2A 60			    RTS
   547 2C2B			OPENC
   548 2C2B AD 0B D4			LDA $D40B
   549 2C2E D0 FB		    BNE OPENC
   550 2C30 A9 FE		    LDA #$FE
   551 2C32 8D 01 D3		    STA $d301		;$02FC
   552 2C35 A9 FF			lda #$ff
   553 2C37 8D FC 02			sta $02fc
   554 2C3A			?openc
   555 2C3A AD FC 02			lda $02fc
   556 2C3D C9 FF			cmp #$FF
   557 2C3F F0 F9			beq ?openc
   558 2C41 A9 FF			lda #$ff
   559 2C43 8D FC 02			sta $02fc
   560 2C46 20 3C 20			jsr preinj
   561 2C49 4C 55 2F			jmp ?piratas
   562 2C4C			PONDATA
   563 2C4C AD 01 27		    LDA BLOQUES
   564 2C4F 8D 8A 24		    STA BLQ
   565 2C52 AD 02 27		    LDA BLOQUES+1
   566 2C55 8D 8B 24		    STA BLQ+1
   567 2C58 AD 03 27		    LDA BLOQUES+2
   568 2C5B 8D 8C 24		    STA BLQ+2
   569 2C5E A0 13		    LDY #$13
   570 2C60			?PONDATA
   571 2C60 B9 A1 26			LDA NAME,Y
   572 2C63 99 76 24			STA NME,Y
   573 2C66 88				DEY
   574 2C67 10 F7			BPL ?PONDATA   
   575 2C69 60			    RTS
   576 2C6A			INITSIOV
   577 2C6A A0 0B		    LDY #$0B
   578 2C6C			?INITSIOV
   579 2C6C B9 D4 28		    LDA DNHP,Y
   580 2C6F 99 00 03		    STA $0300,Y
   581 2C72 88			    DEY
   582 2C73 10 F7		    BPL ?INITSIOV
   583 2C75 A9 00		    LDA #$00
   584 2C77 85 4D		    STA $4d		;$4D
   585 2C79 60			    RTS
   586 2C7A			AUTORUN
   587 2C7A A2 8E		    LDX # <PAG7
   588 2C7C A0 24		    LDY # >PAG7
   589 2C7E A9 01		    LDA #$01
   590 2C80 8E C7 2C		    STX MVPG7+1
   591 2C83 8C C8 2C		    STY MVPG7+2
   592 2C86 8D B3 28		    STA @BL4
   593 2C89			FALTA
   594 2C89 20 6A 2C		    JSR INITSIOV
   595 2C8C A2 19		    LDX #<??DIR
   596 2C8E A0 27		    LDY #>??DIR
   597 2C90 8E 04 03		    STX $0304
   598 2C93 8C 05 03		    STY $0305
   599 2C96 A2 83		    LDX #$83	; $83
   600 2C98 A0 00		    LDY #$00	; $00
   601 2C9A 8E 08 03		    STX $0308
   602 2C9D 8C 09 03		    STY $0309
   603 2CA0 A0 00		    LDY #$00
   604 2CA2 98			    TYA
   605 2CA3			CLBUF
   606 2CA3 99 19 27		    STA ??DIR,Y
   607 2CA6 C8			    INY
   608 2CA7 C0 83		    CPY #$83	;$83
   609 2CA9 D0 F8		    BNE CLBUF
   610 2CAB A9 55		    LDA #$55
   611 2CAD 8D 19 27		    STA ??DIR
   612 2CB0 8D 1A 27		    STA ??DIR+1
   613 2CB3 A2 FC		    LDX #$FC
   614 2CB5 A0 7F		    LDY #$7f	;$7F
   615 2CB7 CE B3 28		    DEC @BL4
   616 2CBA 10 07		    BPL NOFIN
   617 2CBC A2 FA		    LDX #$FA
   618 2CBE A0 6D		    LDY #LAST
   619 2CC0 8C 9B 27		    STY ??DIR+130
   620 2CC3			NOFIN
   621 2CC3 8E 1B 27		    STX ??DIR+2
   622 2CC6			MVPG7
   623 2CC6 B9 8E 24		    LDA PAG7,Y
   624 2CC9 99 1C 27		    STA ??DIR+3,Y
   625 2CCC 88			    DEY
   626 2CCD 10 F7		    BPL MVPG7
   627 2CCF 20 59 E4		    JSR $E459
   628 2CD2 A2 38		    ldx #$38
   629 2CD4 A0 00		    ldy #$00
   630 2CD6 20 38 2D		    jsr time
   631 2CD9 18			    CLC
   632 2CDA AD C7 2C		    LDA MVPG7+1
   633 2CDD 69 80		    ADC #$80
   634 2CDF 8D C7 2C		    STA MVPG7+1
   635 2CE2 AD C8 2C		    LDA MVPG7+2
   636 2CE5 69 00		    ADC #$00
   637 2CE7 8D C8 2C		    STA MVPG7+2
   638 2CEA AD B3 28		    LDA @BL4
   639 2CED 10 9A		    BPL FALTA
   640 2CEF 60			    RTS
   641 2CF0			GAUTO
   642 2CF0 20 7A 2C		    JSR AUTORUN
   643 2CF3 20 6A 2C		    JSR INITSIOV
   644 2CF6 A2 83		    LDX #$83
   645 2CF8 A0 00		    LDY #$00
   646 2CFA			?GAUTO
   647 2CFA 8E 08 03		    STX $0308
   648 2CFD 8C 09 03		    STY $0309
   649 2D00 A2 7B		    LDX # <PAG4
   650 2D02 A0 25		    LDY # >PAG4
   651 2D04 8E 04 03		    STX $0304
   652 2D07 8C 05 03		    STY $0305
   653 2D0A 20 59 E4		    JSR $E459
   654 2D0D 20 89 20		    jsr injektor
   655 2D10 20 6A 2C		    JSR INITSIOV
   656 2D13 A2 F0		    LDX #$f0
   657 2D15 A0 00		    ldy #$00
   658 2D17 20 38 2D		    jsr time
   659 2D1A A2 E2		    ldx #$e2
   660 2D1C A0 03		    ldy #$03
   661 2D1E 8E 08 03		    STX $0308
   662 2D21 8C 09 03		    STY $0309
   663 2D24 A2 AC		    LDX # <LOAD
   664 2D26 A0 20		    LDY # >LOAD
   665 2D28 8E 04 03		    STX $0304
   666 2D2B 8C 05 03		    STY $0305
   667 2D2E 20 59 E4		    JSR $E459
   668 2D31 A2 F0		    ldx #$f0
   669 2D33 A0 00		    ldy #$00
   670 2D35 4C 38 2D		    jmp time
   671 2D38			time
   672 2D38 8E 1C 02			stx $021c
   673 2D3B 8C 1D 02			sty $021d
   674 2D3E			?time
   675 2D3E AD 1C 02			lda $021c
   676 2D41 0D 1D 02			ora $021d
   677 2D44 D0 F8			bne ?time
   678 2D46 60				rts
   679 2D47			REST
   680 2D47 A0 04		    LDY #$04
   681 2D49			??REST
   682 2D49 B9 EB 26		    LDA BYTES,Y
   683 2D4C 99 E0 28		    STA BAKBYT,Y
   684 2D4F 88			    DEY
   685 2D50 10 F7		    BPL ??REST
   686 2D52 A0 02		    LDY #$02
   687 2D54			???REST
   688 2D54 B9 01 27		    LDA BLOQUES,Y
   689 2D57 99 E5 28		    STA BAKBLQ,Y
   690 2D5A 88			    DEY
   691 2D5B 10 F7		    BPL ???REST
   692 2D5D 60			    RTS
   693 2D5E			?REST
   694 2D5E A0 04		    LDY #$04
   695 2D60			????REST
   696 2D60 B9 E0 28		    LDA BAKBYT,Y
   697 2D63 99 EB 26		    STA BYTES,Y
   698 2D66 88			    DEY
   699 2D67 10 F7		    BPL ????REST
   700 2D69 A0 02		    LDY #$02
   701 2D6B			?????REST
   702 2D6B B9 E5 28		    LDA BAKBLQ,Y
   703 2D6E 99 01 27		    STA BLOQUES,Y
   704 2D71 88			    DEY
   705 2D72 10 F7		    BPL ?????REST
   706 2D74 AD AD 28		    LDA CONT
   707 2D77 8D 8D 24		    STA PFIN
   708 2D7A 60			    RTS
   709 2D7B			EXNHPUT
   710 2D7B A9 80			lda #$80
   711 2D7D 85 4D			sta $4d
   712 2D7F 68			    PLA
   713 2D80 68			    PLA
   714 2D81 68			    PLA
   715 2D82 68			    PLA
   716 2D83 60			    RTS
   717 2D84			NHPUT
   718 2D84 A9 55		    LDA #$55
   719 2D86 8D 19 27		    STA ??DIR
   720 2D89 8D 1A 27		    STA ??DIR+1
   721 2D8C A9 FC		    LDA #$fc	;$FC
   722 2D8E 8D 18 28		    STA ??DIR+255
   723 2D91 A9 DE		    lda #$de
   724 2D93 8D 01 D3		    sta $d301
   725 2D96 A2 00		    LDX # <BAFER
   726 2D98 A0 40		    LDY # >BAFER
   727 2D9A 8E 15 2E		    STX M+1
   728 2D9D 8C 16 2E		    STY M+2
   729 2DA0 A2 00		    LDX #$00
   730 2DA2 A0 00		    LDY #$00
   731 2DA4 8C E2 02		    STY $02E2
   732 2DA7 20 AD 2D		    JSR GRABACION
   733 2DAA 4C C0 2D		    JMP ?MVBF
   734 2DAD			GRABACION
   735 2DAD AD 8D 24		    LDA PFIN
   736 2DB0 8D 1B 27		    STA ??DIR+2
   737 2DB3 F0 C6		    BEQ EXNHPUT
   738 2DB5 C9 01		    CMP #$01
   739 2DB7 D0 06		    BNE RETURN
   740 2DB9 AD AE 28		    LDA CONT+1
   741 2DBC 8D 18 28		    STA ??DIR+255
   742 2DBF			RETURN
   743 2DBF 60			    RTS
   744 2DC0			?MVBF
   745 2DC0 20 0E 2E		    JSR GBYTE
   746 2DC3 8D AF 28		    STA STARTF
   747 2DC6 20 0E 2E		    JSR GBYTE
   748 2DC9 8D B0 28		    STA STARTF+1
   749 2DCC 2D AF 28		    AND STARTF
   750 2DCF C9 FF		    CMP #$FF
   751 2DD1 F0 ED		    BEQ ?MVBF
   752 2DD3 20 0E 2E		    JSR GBYTE
   753 2DD6 8D B1 28		    STA FINISH
   754 2DD9 20 0E 2E		    JSR GBYTE
   755 2DDC 8D B2 28		    STA FINISH+1
   756 2DDF			NHLOP
   757 2DDF 20 0E 2E		    JSR GBYTE
   758 2DE2 AD AF 28		    LDA STARTF
   759 2DE5 C9 E3		    CMP #$E3
   760 2DE7 D0 0A		    BNE ?NHLOP
   761 2DE9 AD B0 28		    LDA STARTF+1
   762 2DEC C9 02		    CMP #$02
   763 2DEE D0 03		    BNE ?NHLOP
   764 2DF0 8D E2 02		    STA $02E2
   765 2DF3			?NHLOP
   766 2DF3 AD AF 28		    LDA STARTF
   767 2DF6 CD B1 28		    CMP FINISH
   768 2DF9 D0 08		    BNE NHCONT
   769 2DFB AD B0 28		    LDA STARTF+1
   770 2DFE CD B2 28		    CMP FINISH+1
   771 2E01 F0 BD		    BEQ ?MVBF
   772 2E03			NHCONT
   773 2E03 EE AF 28		    INC STARTF
   774 2E06 D0 03		    BNE NOHI
   775 2E08 EE B0 28		    INC STARTF+1
   776 2E0B			NOHI
   777 2E0B 4C DF 2D		    JMP NHLOP
   778 2E0E			GBYTE
   779 2E0E CC 18 28			CPY ??DIR+255
   780 2E11 F0 25		    BEQ EGRAB
   781 2E13 98			    TYA
   782 2E14			M
   783 2E14 5D 00 40		    EOR BAFER,X
   784 2E17 99 1C 27		    STA ??DIR+3,Y
   785 2E1A 98			    TYA
   786 2E1B 59 1C 27		    EOR ??DIR+3,Y
   787 2E1E C8			    INY
   788 2E1F E8			    INX
   789 2E20 D0 15		    BNE EXNHPIT
   790 2E22 EE 16 2E		    INC M+2
   791 				;
   792 2E25 10 10		    BPL EXNHPIT
   793 2E27 48			    PHA
   794 2E28 18			    CLC
   795 				;    
   796 2E29 AD 01 D3		    LDA $D301
   797 2E2C 69 04		    ADC #$04
   798 				;
   799 2E2E 8D 01 D3		    STA $D301
   800 2E31 A9 40		    LDA # >BAFER
   801 2E33 8D 16 2E		    STA M+2
   802 2E36 68			    PLA
   803 2E37			EXNHPIT
   804 2E37 60			    RTS
   805 2E38			EGRAB
   806 2E38 CE 8D 24		    DEC PFIN
   807 2E3B 8A			    TXA
   808 2E3C 48			    PHA
   809 2E3D 20 6A 2C		    JSR INITSIOV
   810 2E40 20 59 E4		    JSR $E459
   811 2E43 A2 38		    LDX #$38
   812 2E45 A0 00		    ldy #$00
   813 2E47 20 38 2D		    jsr time
   814 2E4A A2 02		    ldx #$02
   815 2E4C			DECBL01
   816 2E4C BD 01 27		    LDA BLOQUES,X
   817 2E4F C9 10		    CMP #$10
   818 2E51 D0 08		    BNE DECBL02
   819 2E53 A9 19		    LDA #$19
   820 2E55 9D 01 27		    STA BLOQUES,X
   821 2E58 CA			    DEX
   822 2E59 10 F1		    BPL DECBL01
   823 2E5B			DECBL02
   824 2E5B DE 01 27		    DEC BLOQUES,X
   825 2E5E 68			    PLA
   826 2E5F AA			    TAX
   827 2E60 AD E2 02			LDA $02E2
   828 2E63 D0 08		    BNE SLOWB
   829 2E65			SIGUE
   830 2E65 20 AD 2D		    JSR GRABACION
   831 2E68 A0 00		    LDY #$00
   832 2E6A 4C 0E 2E		    JMP GBYTE
   833 2E6D			SLOWB
   834 2E6D 8A			    TXA
   835 2E6E 48			    PHA
   836 2E6F A2 5E		    LDX #$5e	;$015e
   837 2E71 A0 01		    LDY #$01
   838 2E73 8E 1C 02		    STX $021C
   839 2E76 8C 1D 02		    STY $021D
   840 2E79			IRG
   841 2E79 AD 1D 02		    LDA $021D
   842 2E7C D0 FB		    BNE IRG
   843 2E7E AD 1C 02		    LDA $021C
   844 2E81 D0 F6		    BNE IRG
   845 2E83 A9 00		    LDA #$00
   846 2E85 8D E2 02		    STA $02E2
   847 2E88 68			    PLA
   848 2E89 AA			    TAX
   849 2E8A 4C 65 2E		    JMP SIGUE
   850 2E8D			DOS
   851 2E8D 6C 0C 00		    JMP ($0C)
   852 2E90			@START
   853 2E90 20 8D 2E			JSR DOS
   854 2E93			START
   855 2E93 A2 DD		    LDX # <DLS
   856 2E95 A0 25		    LDY # >DLS
   857 2E97 8E 30 02		    STX $0230
   858 2E9A 8C 31 02		    STY $0231
   859 2E9D A9 90		    LDA #$90
   860 2E9F 8D C8 02		    STA $02C8
   861 2EA2 8D C6 02		    STA $02C6
   862 2EA5 A9 CA		    LDA #$CA
   863 2EA7 8D C5 02		    STA $02C5
   864 2EAA 20 EB 28		    JSR RESTORE
   865 2EAD A2 89		    LDX # <CRSR
   866 2EAF A0 26		    LDY # >CRSR
   867 2EB1 86 CB		    STX PCRSR
   868 2EB3 84 CC		    STY PCRSR+1
   869 2EB5 20 8A 2A		    JSR RUTLEE
   870 2EB8 98			    TYA
   871 2EB9 F0 1F		    BEQ NOTITLE
   872 2EBB 4A			    LSR 
   873 2EBC 8D AA 28		    STA RY+1
   874 2EBF A9 0A		    LDA #$0a
   875 2EC1 38			    SEC
   876 2EC2 ED AA 28		    SBC RY+1
   877 2EC5 8D AA 28		    STA RY+1
   878 2EC8 A2 00		    LDX #$00
   879 2ECA AC AA 28		    LDY RY+1
   880 2ECD			WRITE
   881 2ECD BD 89 26		    LDA CRSR,X
   882 2ED0 99 A1 26		    STA NAME,Y
   883 2ED3 C8			    INY
   884 2ED4 E8			    INX
   885 2ED5 EC A9 28		    CPX RY
   886 2ED8 D0 F3		    BNE WRITE
   887 2EDA			NOTITLE
   888 2EDA A2 BA		    LDX # <FILE
   889 2EDC A0 26		    LDY # >FILE
   890 2EDE 86 CB		    STX PCRSR
   891 2EE0 84 CC		    STY PCRSR+1
   892 2EE2 20 8A 2A		    JSR RUTLEE
   893 2EE5 A0 13		    LDY #$13
   894 2EE7			CONV
   895 2EE7 B9 BA 26		    LDA FILE,Y
   896 2EEA F0 14		    BEQ ?REMAIN
   897 2EEC 29 7F		    AND #$7F
   898 2EEE C9 40		    CMP #$40
   899 2EF0 90 06		    BCC ADD32
   900 2EF2 C9 60		    CMP #$60
   901 2EF4 90 07		    BCC SUB64
   902 2EF6 B0 08		    BCS ?REMAIN
   903 2EF8			ADD32
   904 2EF8 18			    CLC
   905 2EF9 69 20		    ADC #32
   906 2EFB 90 05		    BCC OKLET
   907 2EFD			SUB64
   908 2EFD 38			    SEC
   909 2EFE E9 40		    SBC #64
   910 2F00			?REMAIN
   911 2F00 A9 9B		    LDA #$9B
   912 2F02			OKLET
   913 2F02 99 B6 28		    STA ??FILE,Y
   914 2F05 88			    DEY
   915 2F06 10 DF		    BPL CONV
   916 2F08 20 70 29		    JSR OPEN
   917 2F0B 20 DB 2A		    JSR FGET
   918 2F0E 20 92 29		    JSR CLOSE
   919 2F11 20 4C 2C		    JSR PONDATA
   920 2F14 20 47 2D		    JSR REST
   921 2F17			OTRACOPIA
   922 2F17 20 5E 2D		    JSR ?REST
   923 2F1A 20 2B 2C		    JSR OPENC
   924 2F1D 20 F0 2C		    JSR GAUTO
   925 2F20 20 84 2D		    JSR NHPUT
   926 2F23 A2 3C		    LDX #$3C
   927 2F25 A9 03		    LDA #$03
   928 2F27 8D 0F D2		    STA $D20F
   929 2F2A 8E 02 D3		    STX $D302
   930 2F2D			WAIT
   931 2F2D AD 1F D0		    LDA $d01f
   932 2F30 C9 07		    CMP #$07
   933 2F32 F0 F9		    BEQ WAIT
   934 2F34 C9 06		    CMP #$06
   935 2F36 F0 DF		    BEQ OTRACOPIA
   936 2F38 C9 03		    CMP #$03
   937 2F3A D0 F1		    BNE WAIT
   938 2F3C 4C 93 2E		    JMP START
   939 2F3F			PIRATAS
   940 2F3F 20 92 29		    JSR CLOSE
   941 2F42 A2 5D		    LDX # <OPENK
   942 2F44 A0 2A		    LDY # >OPENK
   943 2F46 EA			    nop
   944 2F47 EA			    nop
   945 2F48 EA			    nop
   946 2F49 20 92 29			jsr close
   947 2F4C 20 00 20		    JSR kkem
   948 2F4F 20 55 2F		    jsr ?piratas
   949 2F52 4C 93 2E		    jmp start
   950 2F55			?piratas
   951 2F55 A2 90		    LDX # <@START
   952 2F57 A0 2E		    LDY # >@START
   953 2F59 A9 03		    LDA #$03
   954 2F5B 86 02		    STX $02
   955 2F5D 84 03		    STY $03
   956 2F5F 85 09		    STA $09
   957 2F61 A0 FF		    LDY #$FF
   958 2F63 84 08		    STY $08
   959 2F65 C8			    INY   
   960 2F66 8C 44 02		    STY $0244
   961 2F69 60			    rts
   962 02E0-02E1> 3F 2F			RUN PIRATAS
